This is LuaTeX, Version beta-0.60.2-2010071218 (TeX Live 2010) (rev 3736)  (format=lualatex 2011.4.5)  2 MAY 2011 23:38
 \write18 enabled.
**background.tex
(./background.tex
LaTeX2e <2009/09/24>
LuaTeX adaptation of babel <v3.8l-luatex-1.4> and hyphenation patterns for engl
ish, dumylang, nohyphenation, loaded.
(/usr/local/texlive/2010/texmf-dist/tex/latex/base/article.cls
Document Class: article 2007/10/19 v1.4h Standard LaTeX document class
(/usr/local/texlive/2010/texmf-dist/tex/latex/base/size10.clo
File: size10.clo 2007/10/19 v1.4h Standard LaTeX file (size option)
)
\c@part=\count79
\c@section=\count80
\c@subsection=\count81
\c@subsubsection=\count82
\c@paragraph=\count83
\c@subparagraph=\count84
\c@figure=\count85
\c@table=\count86
\abovecaptionskip=\skip41
\belowcaptionskip=\skip42
\bibindent=\dimen102
) (./prelude.tex
(/usr/local/texlive/2010/texmf-dist/tex/latex/tools/xspace.sty
Package: xspace 2006/05/08 v1.12 Space after command names (DPC,MH)
)
(/usr/local/texlive/2010/texmf-dist/tex/latex/listings/listings.sty
(/usr/local/texlive/2010/texmf-dist/tex/latex/graphics/keyval.sty
Package: keyval 1999/03/16 v1.13 key=value parser (DPC)
\KV@toks@=\toks14
)
\lst@mode=\count87
\lst@gtempboxa=\box26
\lst@token=\toks15
\lst@length=\count88
\lst@currlwidth=\dimen103
\lst@column=\count89
\lst@pos=\count90
\lst@lostspace=\dimen104
\lst@width=\dimen105
\lst@newlines=\count91
\lst@lineno=\count92
\lst@maxwidth=\dimen106

(/usr/local/texlive/2010/texmf-dist/tex/latex/listings/lstmisc.sty
File: lstmisc.sty 2007/02/22 1.4 (Carsten Heinz)
\c@lstnumber=\count93
\lst@skipnumbers=\count94
\lst@framebox=\box27
)
(/usr/local/texlive/2010/texmf-dist/tex/latex/listings/listings.cfg
File: listings.cfg 2007/02/22 1.4 listings configuration
))
Package: listings 2007/02/22 1.4 (Carsten Heinz)

(/usr/local/texlive/2010/texmf-dist/tex/latex/csquotes/csquotes.sty
Package: csquotes 2011/03/25 v5.1c context-sensitive quotations

(/usr/local/texlive/2010/texmf-dist/tex/latex/etoolbox/etoolbox.sty
Package: etoolbox 2011/01/03 v2.1 e-TeX tools for LaTeX

(/usr/local/texlive/2010/texmf-dist/tex/latex/etex-pkg/etex.sty
Package: etex 1998/03/26 v2.0 eTeX basic definition package (PEB)
\et@xins=\count95
)
\etb@tempcnta=\count96
)
\csq@reset=\count97
\csq@gtype=\count98
\csq@glevel=\count99
\csq@qlevel=\count100
\csq@maxlvl=\count101
\csq@tshold=\count102
\csq@ltx@everypar=\toks16

(/usr/local/texlive/2010/texmf-dist/tex/latex/csquotes/csquotes.def
File: csquotes.def 2011/03/25 v5.1c csquotes generic definitions
)
Package csquotes Info: Trying to load configuration file 'csquotes.cfg'...
Package csquotes Info: ... configuration file loaded successfully.

(/usr/local/texlive/2010/texmf-dist/tex/latex/csquotes/csquotes.cfg
File: csquotes.cfg 
))
(/usr/local/texlive/2010/texmf-dist/tex/latex/url/url.sty
\Urlmuskip=\muskip10
Package: url 2006/04/12  ver 3.3  Verb mode for urls, etc.
)
(/usr/local/texlive/2010/texmf-dist/tex/latex/cite/cite.sty
LaTeX Info: Redefining \cite on input line 302.
LaTeX Info: Redefining \nocite on input line 373.
Package: cite 2010/09/10  v 5.3
)
(/usr/local/texlive/2010/texmf-dist/tex/latex/geometry/geometry.sty
Package: geometry 2010/09/12 v5.6 Page Geometry

(/usr/local/texlive/2010/texmf-dist/tex/generic/oberdiek/ifpdf.sty
Package: ifpdf 2010/01/28 v2.1 Provides the ifpdf switch (HO)


Package ifpdf Warning: Someone has redefined \pdfoutput.

Package ifpdf Info: pdfTeX in pdf mode detected.
) (/usr/local/texlive/2010/texmf-dist/tex/generic/oberdiek/ifvtex.sty
Package: ifvtex 2010/03/01 v1.5 Switches for detecting VTeX and its modes (HO)
Package ifvtex Info: VTeX not detected.
)
(/usr/local/texlive/2010/texmf-dist/tex/generic/ifxetex/ifxetex.sty
Package: ifxetex 2010/09/12 v0.6 Provides ifxetex conditional
)
\Gm@cnth=\count103
\Gm@cntv=\count104
\c@Gm@tempcnt=\count105
\Gm@bindingoffset=\dimen107
\Gm@wd@mp=\dimen108
\Gm@odd@mp=\dimen109
\Gm@even@mp=\dimen110
\Gm@layoutwidth=\dimen111
\Gm@layoutheight=\dimen112
\Gm@layouthoffset=\dimen113
\Gm@layoutvoffset=\dimen114
\Gm@dimlist=\toks17
)
(/usr/local/texlive/2010/texmf-dist/tex/latex/amsmath/amsmath.sty
Package: amsmath 2000/07/18 v2.13 AMS math features
\@mathmargin=\skip43

For additional information on amsmath, use the `?' option.
(/usr/local/texlive/2010/texmf-dist/tex/latex/amsmath/amstext.sty
Package: amstext 2000/06/29 v2.01

(/usr/local/texlive/2010/texmf-dist/tex/latex/amsmath/amsgen.sty
File: amsgen.sty 1999/11/30 v2.0
\@emptytoks=\toks18
\ex@=\dimen115
))
(/usr/local/texlive/2010/texmf-dist/tex/latex/amsmath/amsbsy.sty
Package: amsbsy 1999/11/29 v1.2d
\pmbraise@=\dimen116
)
(/usr/local/texlive/2010/texmf-dist/tex/latex/amsmath/amsopn.sty
Package: amsopn 1999/12/14 v2.01 operator names
)
\inf@bad=\count106
LaTeX Info: Redefining \frac on input line 211.
\uproot@=\count107
\leftroot@=\count108
LaTeX Info: Redefining \overline on input line 307.
\classnum@=\count109
\DOTSCASE@=\count110
LaTeX Info: Redefining \ldots on input line 379.
LaTeX Info: Redefining \dots on input line 382.
LaTeX Info: Redefining \cdots on input line 467.
\Mathstrutbox@=\box28
\strutbox@=\box29
\big@size=\dimen117
LaTeX Font Info:    Redeclaring font encoding OML on input line 567.
LaTeX Font Info:    Redeclaring font encoding OMS on input line 568.
\macc@depth=\count111
\c@MaxMatrixCols=\count112
\dotsspace@=\muskip11
\c@parentequation=\count113
\dspbrk@lvl=\count114
\tag@help=\toks19
\row@=\count115
\column@=\count116
\maxfields@=\count117
\andhelp@=\toks20
\eqnshift@=\dimen118
\alignsep@=\dimen119
\tagshift@=\dimen120
\tagwidth@=\dimen121
\totwidth@=\dimen122
\lineht@=\dimen123
\@envbody=\toks21
\multlinegap=\skip44
\multlinetaggap=\skip45
\mathdisplay@stack=\toks22
LaTeX Info: Redefining \[ on input line 2666.
LaTeX Info: Redefining \] on input line 2667.
)
(./notation/constants.tex
(/usr/local/texlive/2010/texmf-dist/tex/latex/amsfonts/amssymb.sty
Package: amssymb 2009/06/22 v3.00

(/usr/local/texlive/2010/texmf-dist/tex/latex/amsfonts/amsfonts.sty
Package: amsfonts 2009/06/22 v3.00 Basic AMSFonts support
\symAMSa=\mathgroup4
\symAMSb=\mathgroup5
LaTeX Font Info:    Overwriting math alphabet `\mathfrak' in version `bold'
(Font)                  U/euf/m/n --> U/euf/b/n on input line 96.
)))
(./notation/operators.tex
(/usr/local/texlive/2010/texmf-dist/tex/latex/base/textcomp.sty
Package: textcomp 2005/09/27 v1.99g Standard LaTeX package
Package textcomp Info: Sub-encoding information:
(textcomp)               5 = only ISO-Adobe without \textcurrency
(textcomp)               4 = 5 + \texteuro
(textcomp)               3 = 4 + \textohm
(textcomp)               2 = 3 + \textestimated + \textcurrency
(textcomp)               1 = TS1 - \textcircled - \t
(textcomp)               0 = TS1 (full)
(textcomp)             Font families with sub-encoding setting implement
(textcomp)             only a restricted character set as indicated.
(textcomp)             Family '?' is the default used for unknown fonts.
(textcomp)             See the documentation for details.
Package textcomp Info: Setting ? sub-encoding to TS1/1 on input line 71.

(/usr/local/texlive/2010/texmf-dist/tex/latex/base/ts1enc.def
File: ts1enc.def 2001/06/05 v3.0e (jk/car/fm) Standard LaTeX file
)
LaTeX Info: Redefining \oldstylenums on input line 266.
Package textcomp Info: Setting cmr sub-encoding to TS1/0 on input line 281.
Package textcomp Info: Setting cmss sub-encoding to TS1/0 on input line 282.
Package textcomp Info: Setting cmtt sub-encoding to TS1/0 on input line 283.
Package textcomp Info: Setting cmvtt sub-encoding to TS1/0 on input line 284.
Package textcomp Info: Setting cmbr sub-encoding to TS1/0 on input line 285.
Package textcomp Info: Setting cmtl sub-encoding to TS1/0 on input line 286.
Package textcomp Info: Setting ccr sub-encoding to TS1/0 on input line 287.
Package textcomp Info: Setting ptm sub-encoding to TS1/4 on input line 288.
Package textcomp Info: Setting pcr sub-encoding to TS1/4 on input line 289.
Package textcomp Info: Setting phv sub-encoding to TS1/4 on input line 290.
Package textcomp Info: Setting ppl sub-encoding to TS1/3 on input line 291.
Package textcomp Info: Setting pag sub-encoding to TS1/4 on input line 292.
Package textcomp Info: Setting pbk sub-encoding to TS1/4 on input line 293.
Package textcomp Info: Setting pnc sub-encoding to TS1/4 on input line 294.
Package textcomp Info: Setting pzc sub-encoding to TS1/4 on input line 295.
Package textcomp Info: Setting bch sub-encoding to TS1/4 on input line 296.
Package textcomp Info: Setting put sub-encoding to TS1/5 on input line 297.
Package textcomp Info: Setting uag sub-encoding to TS1/5 on input line 298.
Package textcomp Info: Setting ugq sub-encoding to TS1/5 on input line 299.
Package textcomp Info: Setting ul8 sub-encoding to TS1/4 on input line 300.
Package textcomp Info: Setting ul9 sub-encoding to TS1/4 on input line 301.
Package textcomp Info: Setting augie sub-encoding to TS1/5 on input line 302.
Package textcomp Info: Setting dayrom sub-encoding to TS1/3 on input line 303.
Package textcomp Info: Setting dayroms sub-encoding to TS1/3 on input line 304.

Package textcomp Info: Setting pxr sub-encoding to TS1/0 on input line 305.
Package textcomp Info: Setting pxss sub-encoding to TS1/0 on input line 306.
Package textcomp Info: Setting pxtt sub-encoding to TS1/0 on input line 307.
Package textcomp Info: Setting txr sub-encoding to TS1/0 on input line 308.
Package textcomp Info: Setting txss sub-encoding to TS1/0 on input line 309.
Package textcomp Info: Setting txtt sub-encoding to TS1/0 on input line 310.
Package textcomp Info: Setting futs sub-encoding to TS1/4 on input line 311.
Package textcomp Info: Setting futx sub-encoding to TS1/4 on input line 312.
Package textcomp Info: Setting futj sub-encoding to TS1/4 on input line 313.
Package textcomp Info: Setting hlh sub-encoding to TS1/3 on input line 314.
Package textcomp Info: Setting hls sub-encoding to TS1/3 on input line 315.
Package textcomp Info: Setting hlst sub-encoding to TS1/3 on input line 316.
Package textcomp Info: Setting hlct sub-encoding to TS1/5 on input line 317.
Package textcomp Info: Setting hlx sub-encoding to TS1/5 on input line 318.
Package textcomp Info: Setting hlce sub-encoding to TS1/5 on input line 319.
Package textcomp Info: Setting hlcn sub-encoding to TS1/5 on input line 320.
Package textcomp Info: Setting hlcw sub-encoding to TS1/5 on input line 321.
Package textcomp Info: Setting hlcf sub-encoding to TS1/5 on input line 322.
Package textcomp Info: Setting pplx sub-encoding to TS1/3 on input line 323.
Package textcomp Info: Setting pplj sub-encoding to TS1/3 on input line 324.
Package textcomp Info: Setting ptmx sub-encoding to TS1/4 on input line 325.
Package textcomp Info: Setting ptmj sub-encoding to TS1/4 on input line 326.
)
(/usr/local/texlive/2010/texmf-dist/tex/latex/graphics/graphicx.sty
Package: graphicx 1999/02/16 v1.0f Enhanced LaTeX Graphics (DPC,SPQR)

(/usr/local/texlive/2010/texmf-dist/tex/latex/graphics/graphics.sty
Package: graphics 2009/02/05 v1.0o Standard LaTeX Graphics (DPC,SPQR)

(/usr/local/texlive/2010/texmf-dist/tex/latex/graphics/trig.sty
Package: trig 1999/03/16 v1.09 sin cos tan (DPC)
)
(/usr/local/texlive/2010/texmf-dist/tex/latex/latexconfig/graphics.cfg
File: graphics.cfg 2010/04/23 v1.9 graphics configuration of TeX Live
)
Package graphics Info: Driver file: pdftex.def on input line 91.

(/usr/local/texlive/2010/texmf-dist/tex/latex/pdftex-def/pdftex.def
File: pdftex.def 2011/01/28 v0.05d Graphics/color for pdfTeX

(/usr/local/texlive/2010/texmf-dist/tex/generic/oberdiek/pdftexcmds.sty
Package: pdftexcmds 2010/04/01 v0.9 Utility functions of pdfTeX for LuaTeX (HO)


(/usr/local/texlive/2010/texmf-dist/tex/generic/oberdiek/infwarerr.sty
Package: infwarerr 2010/04/08 v1.3 Providing info/warning/message (HO)
)
(/usr/local/texlive/2010/texmf-dist/tex/generic/oberdiek/ifluatex.sty
Package: ifluatex 2010/03/01 v1.3 Provides the ifluatex switch (HO)
Package ifluatex Info: LuaTeX detected.
)
(/usr/local/texlive/2010/texmf-dist/tex/generic/oberdiek/ltxcmds.sty
Package: ltxcmds 2010/04/26 v1.7 LaTeX kernel commands for general use (HO)
)
Package pdftexcmds Info: \pdf@primitive is available.
Package pdftexcmds Info: \pdf@ifprimitive is available.

(/usr/local/texlive/2010/texmf-dist/tex/generic/oberdiek/luatex-loader.sty
Package: luatex-loader 2010/03/09 v0.4 Lua module loader (HO)

(/usr/local/texlive/2010/texmf-dist/scripts/oberdiek/oberdiek.luatex.lua))
\pdftexcmds@toks=\toks23
)
\Gread@gobject=\count118
))
\Gin@req@height=\dimen124
\Gin@req@width=\dimen125
)
(/usr/local/texlive/2010/texmf-dist/tex/latex/stmaryrd/stmaryrd.sty
Package: stmaryrd 1994/03/03 St Mary's Road symbol package
\symstmry=\mathgroup6
LaTeX Font Info:    Overwriting symbol font `stmry' in version `bold'
(Font)                  U/stmry/m/n --> U/stmry/b/n on input line 89.
)
(/usr/local/texlive/2010/texmf-dist/tex/latex/rotating/rotating.sty
Package: rotating 2009/03/28 v2.16a rotated objects in LaTeX

(/usr/local/texlive/2010/texmf-dist/tex/latex/base/ifthen.sty
Package: ifthen 2001/05/26 v1.1c Standard LaTeX ifthen package (DPC)
)
\c@r@tfl@t=\count119
\rotFPtop=\skip46
\rotFPbot=\skip47
\rot@float@box=\box30
\rot@mess@toks=\toks24
)
(/usr/local/texlive/2010/texmf-dist/tex/latex/graphics/color.sty
Package: color 2005/11/14 v1.0j Standard LaTeX Color (DPC)

(/usr/local/texlive/2010/texmf-dist/tex/latex/latexconfig/color.cfg
File: color.cfg 2007/01/18 v1.5 color configuration of teTeX/TeXLive
)
Package color Info: Driver file: pdftex.def on input line 130.
)
(/usr/local/texlive/2010/texmf-dist/tex/latex/pgf/frontendlayer/tikz.sty
(/usr/local/texlive/2010/texmf-dist/tex/latex/pgf/basiclayer/pgf.sty
(/usr/local/texlive/2010/texmf-dist/tex/latex/pgf/utilities/pgfrcs.sty
(/usr/local/texlive/2010/texmf-dist/tex/generic/pgf/utilities/pgfutil-common.te
x
\pgfutil@everybye=\toks25
)
(/usr/local/texlive/2010/texmf-dist/tex/generic/pgf/utilities/pgfutil-latex.def
\pgfutil@abb=\box31
(/usr/local/texlive/2010/texmf-dist/tex/latex/ms/everyshi.sty
Package: everyshi 2001/05/15 v3.00 EveryShipout Package (MS)
))
(/usr/local/texlive/2010/texmf-dist/tex/generic/pgf/utilities/pgfrcs.code.tex
Package: pgfrcs 2010/10/25 v2.10 (rcs-revision 1.24)
))
Package: pgf 2008/01/15 v2.10 (rcs-revision 1.12)
(/usr/local/texlive/2010/texmf-dist/tex/latex/pgf/basiclayer/pgfcore.sty
(/usr/local/texlive/2010/texmf-dist/tex/latex/pgf/systemlayer/pgfsys.sty
(/usr/local/texlive/2010/texmf-dist/tex/generic/pgf/systemlayer/pgfsys.code.tex
Package: pgfsys 2010/06/30 v2.10 (rcs-revision 1.37)
(/usr/local/texlive/2010/texmf-dist/tex/generic/pgf/utilities/pgfkeys.code.tex
\pgfkeys@pathtoks=\toks26
\pgfkeys@temptoks=\toks27

(/usr/local/texlive/2010/texmf-dist/tex/generic/pgf/utilities/pgfkeysfiltered.c
ode.tex
\pgfkeys@tmptoks=\toks28
))
\pgf@x=\dimen126
\pgf@y=\dimen127
\pgf@xa=\dimen128
\pgf@ya=\dimen129
\pgf@xb=\dimen130
\pgf@yb=\dimen131
\pgf@xc=\dimen132
\pgf@yc=\dimen133
\w@pgf@writea=\write3
\r@pgf@reada=\read1
\c@pgf@counta=\count120
\c@pgf@countb=\count121
\c@pgf@countc=\count122
\c@pgf@countd=\count123

(/usr/local/texlive/2010/texmf-dist/tex/generic/pgf/systemlayer/pgf.cfg
File: pgf.cfg 2008/05/14  (rcs-revision 1.7)
)
Package pgfsys Info: Driver file for pgf: pgfsys-pdftex.def on input line 900.

(/usr/local/texlive/2010/texmf-dist/tex/generic/pgf/systemlayer/pgfsys-pdftex.d
ef
File: pgfsys-pdftex.def 2009/05/22  (rcs-revision 1.26)

(/usr/local/texlive/2010/texmf-dist/tex/generic/pgf/systemlayer/pgfsys-common-p
df.def
File: pgfsys-common-pdf.def 2008/05/19  (rcs-revision 1.10)
)))
(/usr/local/texlive/2010/texmf-dist/tex/generic/pgf/systemlayer/pgfsyssoftpath.
code.tex
File: pgfsyssoftpath.code.tex 2008/07/18  (rcs-revision 1.7)
\pgfsyssoftpath@smallbuffer@items=\count124
\pgfsyssoftpath@bigbuffer@items=\count125
)
(/usr/local/texlive/2010/texmf-dist/tex/generic/pgf/systemlayer/pgfsysprotocol.
code.tex
File: pgfsysprotocol.code.tex 2006/10/16  (rcs-revision 1.4)
)) (/usr/local/texlive/2010/texmf-dist/tex/latex/xcolor/xcolor.sty
Package: xcolor 2007/01/21 v2.11 LaTeX color extensions (UK)

(/usr/local/texlive/2010/texmf-dist/tex/latex/latexconfig/color.cfg
File: color.cfg 2007/01/18 v1.5 color configuration of teTeX/TeXLive
)
Package xcolor Info: Driver file: pdftex.def on input line 225.
LaTeX Info: Redefining \color on input line 702.
Package xcolor Info: Model `cmy' substituted by `cmy0' on input line 1337.
Package xcolor Info: Model `hsb' substituted by `rgb' on input line 1341.
Package xcolor Info: Model `RGB' extended on input line 1353.
Package xcolor Info: Model `HTML' substituted by `rgb' on input line 1355.
Package xcolor Info: Model `Hsb' substituted by `hsb' on input line 1356.
Package xcolor Info: Model `tHsb' substituted by `hsb' on input line 1357.
Package xcolor Info: Model `HSB' substituted by `hsb' on input line 1358.
Package xcolor Info: Model `Gray' substituted by `gray' on input line 1359.
Package xcolor Info: Model `wave' substituted by `hsb' on input line 1360.
)
(/usr/local/texlive/2010/texmf-dist/tex/generic/pgf/basiclayer/pgfcore.code.tex
Package: pgfcore 2010/04/11 v2.10 (rcs-revision 1.7)
(/usr/local/texlive/2010/texmf-dist/tex/generic/pgf/math/pgfmath.code.tex
(/usr/local/texlive/2010/texmf-dist/tex/generic/pgf/math/pgfmathcalc.code.tex
(/usr/local/texlive/2010/texmf-dist/tex/generic/pgf/math/pgfmathutil.code.tex)
(/usr/local/texlive/2010/texmf-dist/tex/generic/pgf/math/pgfmathparser.code.tex
\pgfmath@dimen=\dimen134
\pgfmath@count=\count126
\pgfmath@box=\box32
\pgfmath@toks=\toks29
\pgfmath@stack@operand=\toks30
\pgfmath@stack@operation=\toks31
)
(/usr/local/texlive/2010/texmf-dist/tex/generic/pgf/math/pgfmathfunctions.code.
tex
(/usr/local/texlive/2010/texmf-dist/tex/generic/pgf/math/pgfmathfunctions.basic
.code.tex)
(/usr/local/texlive/2010/texmf-dist/tex/generic/pgf/math/pgfmathfunctions.trigo
nometric.code.tex)
(/usr/local/texlive/2010/texmf-dist/tex/generic/pgf/math/pgfmathfunctions.rando
m.code.tex)
(/usr/local/texlive/2010/texmf-dist/tex/generic/pgf/math/pgfmathfunctions.compa
rison.code.tex)
(/usr/local/texlive/2010/texmf-dist/tex/generic/pgf/math/pgfmathfunctions.base.
code.tex)
(/usr/local/texlive/2010/texmf-dist/tex/generic/pgf/math/pgfmathfunctions.round
.code.tex)
(/usr/local/texlive/2010/texmf-dist/tex/generic/pgf/math/pgfmathfunctions.misc.
code.tex)))
(/usr/local/texlive/2010/texmf-dist/tex/generic/pgf/math/pgfmathfloat.code.tex
\c@pgfmathroundto@lastzeros=\count127
))
(/usr/local/texlive/2010/texmf-dist/tex/generic/pgf/basiclayer/pgfcorepoints.co
de.tex
File: pgfcorepoints.code.tex 2010/04/09  (rcs-revision 1.20)
\pgf@picminx=\dimen135
\pgf@picmaxx=\dimen136
\pgf@picminy=\dimen137
\pgf@picmaxy=\dimen138
\pgf@pathminx=\dimen139
\pgf@pathmaxx=\dimen140
\pgf@pathminy=\dimen141
\pgf@pathmaxy=\dimen142
\pgf@xx=\dimen143
\pgf@xy=\dimen144
\pgf@yx=\dimen145
\pgf@yy=\dimen146
\pgf@zx=\dimen147
\pgf@zy=\dimen148
)
(/usr/local/texlive/2010/texmf-dist/tex/generic/pgf/basiclayer/pgfcorepathconst
ruct.code.tex
File: pgfcorepathconstruct.code.tex 2010/08/03  (rcs-revision 1.24)
\pgf@path@lastx=\dimen149
\pgf@path@lasty=\dimen150
)
(/usr/local/texlive/2010/texmf-dist/tex/generic/pgf/basiclayer/pgfcorepathusage
.code.tex
File: pgfcorepathusage.code.tex 2008/04/22  (rcs-revision 1.12)
\pgf@shorten@end@additional=\dimen151
\pgf@shorten@start@additional=\dimen152
)
(/usr/local/texlive/2010/texmf-dist/tex/generic/pgf/basiclayer/pgfcorescopes.co
de.tex
File: pgfcorescopes.code.tex 2010/09/08  (rcs-revision 1.34)
\pgfpic=\box33
\pgf@hbox=\box34
\pgf@layerbox@main=\box35
\pgf@picture@serial@count=\count128
)
(/usr/local/texlive/2010/texmf-dist/tex/generic/pgf/basiclayer/pgfcoregraphicst
ate.code.tex
File: pgfcoregraphicstate.code.tex 2008/04/22  (rcs-revision 1.9)
\pgflinewidth=\dimen153
)
(/usr/local/texlive/2010/texmf-dist/tex/generic/pgf/basiclayer/pgfcoretransform
ations.code.tex
File: pgfcoretransformations.code.tex 2009/06/10  (rcs-revision 1.11)
\pgf@pt@x=\dimen154
\pgf@pt@y=\dimen155
\pgf@pt@temp=\dimen156
)
(/usr/local/texlive/2010/texmf-dist/tex/generic/pgf/basiclayer/pgfcorequick.cod
e.tex
File: pgfcorequick.code.tex 2008/10/09  (rcs-revision 1.3)
)
(/usr/local/texlive/2010/texmf-dist/tex/generic/pgf/basiclayer/pgfcoreobjects.c
ode.tex
File: pgfcoreobjects.code.tex 2006/10/11  (rcs-revision 1.2)
)
(/usr/local/texlive/2010/texmf-dist/tex/generic/pgf/basiclayer/pgfcorepathproce
ssing.code.tex
File: pgfcorepathprocessing.code.tex 2008/10/09  (rcs-revision 1.8)
)
(/usr/local/texlive/2010/texmf-dist/tex/generic/pgf/basiclayer/pgfcorearrows.co
de.tex
File: pgfcorearrows.code.tex 2008/04/23  (rcs-revision 1.11)
)
(/usr/local/texlive/2010/texmf-dist/tex/generic/pgf/basiclayer/pgfcoreshade.cod
e.tex
File: pgfcoreshade.code.tex 2008/11/23  (rcs-revision 1.13)
\pgf@max=\dimen157
\pgf@sys@shading@range@num=\count129
)
(/usr/local/texlive/2010/texmf-dist/tex/generic/pgf/basiclayer/pgfcoreimage.cod
e.tex
File: pgfcoreimage.code.tex 2010/03/25  (rcs-revision 1.16)

(/usr/local/texlive/2010/texmf-dist/tex/generic/pgf/basiclayer/pgfcoreexternal.
code.tex
File: pgfcoreexternal.code.tex 2010/09/01  (rcs-revision 1.17)
\pgfexternal@startupbox=\box36
))
(/usr/local/texlive/2010/texmf-dist/tex/generic/pgf/basiclayer/pgfcorelayers.co
de.tex
File: pgfcorelayers.code.tex 2010/08/27  (rcs-revision 1.2)
)
(/usr/local/texlive/2010/texmf-dist/tex/generic/pgf/basiclayer/pgfcoretranspare
ncy.code.tex
File: pgfcoretransparency.code.tex 2008/01/17  (rcs-revision 1.2)
)
(/usr/local/texlive/2010/texmf-dist/tex/generic/pgf/basiclayer/pgfcorepatterns.
code.tex
File: pgfcorepatterns.code.tex 2009/07/02  (rcs-revision 1.3)
)))
(/usr/local/texlive/2010/texmf-dist/tex/generic/pgf/modules/pgfmoduleshapes.cod
e.tex
File: pgfmoduleshapes.code.tex 2010/09/09  (rcs-revision 1.13)
\pgfnodeparttextbox=\box37
)
(/usr/local/texlive/2010/texmf-dist/tex/generic/pgf/modules/pgfmoduleplot.code.
tex
File: pgfmoduleplot.code.tex 2010/10/22  (rcs-revision 1.8)
)
(/usr/local/texlive/2010/texmf-dist/tex/latex/pgf/compatibility/pgfcomp-version
-0-65.sty
Package: pgfcomp-version-0-65 2007/07/03 v2.10 (rcs-revision 1.7)
\pgf@nodesepstart=\dimen158
\pgf@nodesepend=\dimen159
)
(/usr/local/texlive/2010/texmf-dist/tex/latex/pgf/compatibility/pgfcomp-version
-1-18.sty
Package: pgfcomp-version-1-18 2007/07/23 v2.10 (rcs-revision 1.1)
))
(/usr/local/texlive/2010/texmf-dist/tex/latex/pgf/utilities/pgffor.sty
(/usr/local/texlive/2010/texmf-dist/tex/latex/pgf/utilities/pgfkeys.sty
(/usr/local/texlive/2010/texmf-dist/tex/generic/pgf/utilities/pgfkeys.code.tex)
) (/usr/local/texlive/2010/texmf-dist/tex/generic/pgf/utilities/pgffor.code.tex
Package: pgffor 2010/03/23 v2.10 (rcs-revision 1.18)
\pgffor@iter=\dimen160
\pgffor@skip=\dimen161
\pgffor@stack=\toks32
\pgffor@toks=\toks33
))
(/usr/local/texlive/2010/texmf-dist/tex/generic/pgf/frontendlayer/tikz/tikz.cod
e.tex
Package: tikz 2010/10/13 v2.10 (rcs-revision 1.76)

(/usr/local/texlive/2010/texmf-dist/tex/generic/pgf/libraries/pgflibraryplothan
dlers.code.tex
File: pgflibraryplothandlers.code.tex 2010/05/31 v2.10 (rcs-revision 1.15)
\pgf@plot@mark@count=\count130
\pgfplotmarksize=\dimen162
)
\tikz@lastx=\dimen163
\tikz@lasty=\dimen164
\tikz@lastxsaved=\dimen165
\tikz@lastysaved=\dimen166
\tikzleveldistance=\dimen167
\tikzsiblingdistance=\dimen168
\tikz@figbox=\box38
\tikz@tempbox=\box39
\tikztreelevel=\count131
\tikznumberofchildren=\count132
\tikznumberofcurrentchild=\count133
\tikz@fig@count=\count134

(/usr/local/texlive/2010/texmf-dist/tex/generic/pgf/modules/pgfmodulematrix.cod
e.tex
File: pgfmodulematrix.code.tex 2010/08/24  (rcs-revision 1.4)
\pgfmatrixcurrentrow=\count135
\pgfmatrixcurrentcolumn=\count136
\pgf@matrix@numberofcolumns=\count137
)
\tikz@expandcount=\count138

(/usr/local/texlive/2010/texmf-dist/tex/generic/pgf/frontendlayer/tikz/librarie
s/tikzlibrarytopaths.code.tex
File: tikzlibrarytopaths.code.tex 2008/06/17 v2.10 (rcs-revision 1.2)
)))
(/usr/local/texlive/2010/texmf-dist/tex/generic/pgf/frontendlayer/tikz/librarie
s/tikzlibraryshapes.code.tex
File: tikzlibraryshapes.code.tex 2008/01/09 v2.10 (rcs-revision 1.1)

(/usr/local/texlive/2010/texmf-dist/tex/generic/pgf/frontendlayer/tikz/librarie
s/tikzlibraryshapes.geometric.code.tex
File: tikzlibraryshapes.geometric.code.tex 2008/01/09 v2.10 (rcs-revision 1.1)

(/usr/local/texlive/2010/texmf-dist/tex/generic/pgf/libraries/shapes/pgflibrary
shapes.geometric.code.tex
File: pgflibraryshapes.geometric.code.tex 2008/06/26 v2.10 (rcs-revision 1.1)
))
(/usr/local/texlive/2010/texmf-dist/tex/generic/pgf/frontendlayer/tikz/librarie
s/tikzlibraryshapes.misc.code.tex
File: tikzlibraryshapes.misc.code.tex 2008/01/09 v2.10 (rcs-revision 1.1)

(/usr/local/texlive/2010/texmf-dist/tex/generic/pgf/libraries/shapes/pgflibrary
shapes.misc.code.tex
File: pgflibraryshapes.misc.code.tex 2008/10/07 v2.10 (rcs-revision 1.3)
))
(/usr/local/texlive/2010/texmf-dist/tex/generic/pgf/frontendlayer/tikz/librarie
s/tikzlibraryshapes.symbols.code.tex
File: tikzlibraryshapes.symbols.code.tex 2008/01/09 v2.10 (rcs-revision 1.1)

(/usr/local/texlive/2010/texmf-dist/tex/generic/pgf/libraries/shapes/pgflibrary
shapes.symbols.code.tex
File: pgflibraryshapes.symbols.code.tex 2009/10/27 v2.10 (rcs-revision 1.3)
))
(/usr/local/texlive/2010/texmf-dist/tex/generic/pgf/frontendlayer/tikz/librarie
s/tikzlibraryshapes.arrows.code.tex
File: tikzlibraryshapes.arrows.code.tex 2008/01/09 v2.10 (rcs-revision 1.1)

(/usr/local/texlive/2010/texmf-dist/tex/generic/pgf/libraries/shapes/pgflibrary
shapes.arrows.code.tex
File: pgflibraryshapes.arrows.code.tex 2008/06/26 v2.10 (rcs-revision 1.1)
))
(/usr/local/texlive/2010/texmf-dist/tex/generic/pgf/frontendlayer/tikz/librarie
s/tikzlibraryshapes.callouts.code.tex
(/usr/local/texlive/2010/texmf-dist/tex/generic/pgf/libraries/shapes/pgflibrary
shapes.callouts.code.tex))
(/usr/local/texlive/2010/texmf-dist/tex/generic/pgf/frontendlayer/tikz/librarie
s/tikzlibraryshapes.multipart.code.tex
File: tikzlibraryshapes.multipart.code.tex 2008/01/09 v2.10 (rcs-revision 1.1)

(/usr/local/texlive/2010/texmf-dist/tex/generic/pgf/libraries/shapes/pgflibrary
shapes.multipart.code.tex
File: pgflibraryshapes.multipart.code.tex 2010/01/07 v2.10 (rcs-revision 1.2)
\pgfnodepartlowerbox=\box40
\pgfnodeparttwobox=\box41
\pgfnodepartthreebox=\box42
\pgfnodepartfourbox=\box43
\pgfnodeparttwentybox=\box44
\pgfnodepartnineteenbox=\box45
\pgfnodeparteighteenbox=\box46
\pgfnodepartseventeenbox=\box47
\pgfnodepartsixteenbox=\box48
\pgfnodepartfifteenbox=\box49
\pgfnodepartfourteenbox=\box50
\pgfnodepartthirteenbox=\box51
\pgfnodeparttwelvebox=\box52
\pgfnodepartelevenbox=\box53
\pgfnodeparttenbox=\box54
\pgfnodepartninebox=\box55
\pgfnodeparteightbox=\box56
\pgfnodepartsevenbox=\box57
\pgfnodepartsixbox=\box58
\pgfnodepartfivebox=\box59
)))) (./notation/misc.tex) (./notation/programs.tex
\myarraytmpstrutbox=\box60

(/usr/local/texlive/2010/texmf-dist/tex/latex/oberdiek/centernot.sty
Package: centernot 2010/03/29 v1.2 Centers the not symbol horizontally (HO)
))
(/usr/local/texlive/2010/texmf-dist/tex/latex/unicode-math/unicode-math.sty
Package: unicode-math 2011/01/29 v0.5d Unicode maths in XeLaTeX and LuaLaTeX

(/usr/local/texlive/2010/texmf-dist/tex/latex/expl3/expl3.sty
(/usr/local/texlive/2010/texmf-dist/tex/latex/expl3/l3names.sty
Package: l3names 2011/01/08 v2122 L3 Experimental Naming Scheme for TeX Primiti
ves

(/usr/local/texlive/2010/texmf-dist/tex/generic/oberdiek/luatex.sty
Package: luatex 2010/03/09 v0.4 LuaTeX basic definition package (HO)
\LuT@AllocAttribute=\count277
\LuT@AllocCatcodeTable=\count278
\CatcodeTableStack=\count279
\CatcodeTableIniTeX=\catcodetable1
\CatcodeTableString=\catcodetable3
\CatcodeTableOther=\catcodetable5
\CatcodeTableLaTeX=\catcodetable7
))
Package: expl3 2011/02/17 v2156 L3 Experimental code bundle wrapper

(/usr/local/texlive/2010/texmf-dist/tex/latex/expl3/l3basics.sty
Package: l3basics 2011/02/26 v2158 L3 Experimental basic definitions
)
(/usr/local/texlive/2010/texmf-dist/tex/latex/expl3/l3expan.sty
Package: l3expan 2010/09/20 v2037 L3 Experimental Argument Expansion module
)
(/usr/local/texlive/2010/texmf-dist/tex/latex/expl3/l3tl.sty
Package: l3tl 2011/03/07 v2184 L3 Experimental Token Lists
)
(/usr/local/texlive/2010/texmf-dist/tex/latex/expl3/l3int.sty
Package: l3int 2011/03/06 v2178 L3 Experimental Integer module
\l_tmpa_int=\count280
\l_tmpb_int=\count281
\l_tmpc_int=\count282
\g_tmpa_int=\count283
\g_tmpb_int=\count284
\c_max_int=\count285
\g_tl_inline_level_int=\count286
\g_prg_inline_level_int=\count287
)
(/usr/local/texlive/2010/texmf-dist/tex/latex/expl3/l3quark.sty
Package: l3quark 2011/03/03 v2172 L3 Experimental Quark Commands
)
(/usr/local/texlive/2010/texmf-dist/tex/latex/expl3/l3seq.sty
Package: l3seq 2010/03/29 v1879 L3 Experimental sequences and stacks
)
(/usr/local/texlive/2010/texmf-dist/tex/latex/expl3/l3toks.sty
Package: l3toks 2010/09/20 v2037 L3 Experimental Token Registers
\l_tmpb_toks=\toks34
\l_tmpc_toks=\toks35
\g_tmpa_toks=\toks36
\g_tmpb_toks=\toks37
\g_tmpc_toks=\toks38
\c_empty_toks=\toks39
\l_tl_replace_toks=\toks40
)
(/usr/local/texlive/2010/texmf-dist/tex/latex/expl3/l3prg.sty
Package: l3prg 2011/03/06 v2178 L3 Experimental control structures
)
(/usr/local/texlive/2010/texmf-dist/tex/latex/expl3/l3clist.sty
Package: l3clist 2011/03/06 v2178 L3 Experimental comma separated lists
\g_clist_map_inline_int=\count288
)
(/usr/local/texlive/2010/texmf-dist/tex/latex/expl3/l3token.sty
Package: l3token 2011/02/16 v2151 L3 Experimental token investigation and manip
ulation
)
(/usr/local/texlive/2010/texmf-dist/tex/latex/expl3/l3prop.sty
Package: l3prop 2010/11/23 v2087 L3 Experimental Property Lists
\g_prop_inline_level_int=\count289
)
(/usr/local/texlive/2010/texmf-dist/tex/latex/expl3/l3msg.sty
Package: l3msg 2010/10/02 v2052 L3 Experimental LaTeX Messages module
\l_msg_redirect_classes_prop=\toks41
\l_msg_redirect_names_prop=\toks42
\l_msg_redirect_fatal_prop=\toks43
\l_msg_redirect_error_prop=\toks44
\l_msg_redirect_warning_prop=\toks45
\l_msg_redirect_info_prop=\toks46
\l_msg_redirect_log_prop=\toks47
\l_msg_redirect_trace_prop=\toks48
\l_msg_redirect_none_prop=\toks49
)
(/usr/local/texlive/2010/texmf-dist/tex/latex/expl3/l3io.sty
Package: l3io 2010/10/03 v2063 L3 Experimental i/o module
\g_iow_streams_prop=\toks50
\g_ior_streams_prop=\toks51
\l_iow_stream_int=\count290
)
(/usr/local/texlive/2010/texmf-dist/tex/latex/expl3/l3skip.sty
Package: l3skip 2011/02/15 v2149 L3 Experimental skip registers
\l_tmpa_skip=\skip256
\l_tmpb_skip=\skip257
\l_tmpc_skip=\skip258
\g_tmpa_skip=\skip259
\g_tmpb_skip=\skip260
\l_tmpa_dim=\dimen256
\l_tmpb_dim=\dimen257
\l_tmpc_dim=\dimen258
\l_tmpd_dim=\dimen259
\g_tmpa_dim=\dimen260
\g_tmpb_dim=\dimen261
)
(/usr/local/texlive/2010/texmf-dist/tex/latex/expl3/l3box.sty
Package: l3box 2011/03/06 v2178 L3 Experimental Box module
\l_tmpb_box=\box256
)
(/usr/local/texlive/2010/texmf-dist/tex/latex/expl3/l3keyval.sty
Package: l3keyval 2010/04/11 v1890 L3 Experimental keyval processing
\l_KV_level_int=\count291
)
(/usr/local/texlive/2010/texmf-dist/tex/latex/expl3/l3keys.sty
Package: l3keys 2010/11/11 v2082 L3 Experimental key-value support
\l_keys_choice_int=\count292
)
(/usr/local/texlive/2010/texmf-dist/tex/latex/expl3/l3precom.sty
Package: l3precom 2010/02/09 v1793 L3 Experimental precompilation module
\g_gen_sym_int=\count293
\g_ggen_sym_int=\count294
)
(/usr/local/texlive/2010/texmf-dist/tex/latex/expl3/l3xref.sty
Package: l3xref 2011/02/16 v2151 L3 Experimental cross referencing
\g_xref_all_curr_immediate_fields_prop=\toks52
\g_xref_all_curr_deferred_fields_prop=\toks53
)
(/usr/local/texlive/2010/texmf-dist/tex/latex/expl3/l3file.sty
Package: l3file 2010/03/21 v1853 L3 Experimental file loading
)
(/usr/local/texlive/2010/texmf-dist/tex/latex/expl3/l3fp.sty
Package: l3fp 2011/03/06 v2178 L3 Experimental floating-point operations
\c_one_million=\count295
\c_one_hundred_million=\count296
\c_five_hundred_million=\count297
\c_one_thousand_million=\count298
\c_fp_pi_by_four_decimal_int=\count299
\c_fp_pi_by_four_extended_int=\count300
\c_fp_pi_decimal_int=\count301
\c_fp_pi_extended_int=\count302
\c_fp_two_pi_decimal_int=\count303
\c_fp_two_pi_extended_int=\count304
\l_fp_count_int=\count305
\l_fp_div_offset_int=\count306
\l_fp_exp_integer_int=\count307
\l_fp_exp_decimal_int=\count308
\l_fp_exp_extended_int=\count309
\l_fp_exp_exponent_int=\count310
\l_fp_input_a_sign_int=\count311
\l_fp_input_a_integer_int=\count312
\l_fp_input_a_decimal_int=\count313
\l_fp_input_a_exponent_int=\count314
\l_fp_input_b_sign_int=\count315
\l_fp_input_b_integer_int=\count316
\l_fp_input_b_decimal_int=\count317
\l_fp_input_b_exponent_int=\count318
\l_fp_input_a_extended_int=\count319
\l_fp_input_b_extended_int=\count320
\l_fp_mul_a_i_int=\count321
\l_fp_mul_a_ii_int=\count322
\l_fp_mul_a_iii_int=\count323
\l_fp_mul_a_iv_int=\count324
\l_fp_mul_a_v_int=\count325
\l_fp_mul_a_vi_int=\count326
\l_fp_mul_b_i_int=\count327
\l_fp_mul_b_ii_int=\count328
\l_fp_mul_b_iii_int=\count329
\l_fp_mul_b_iv_int=\count330
\l_fp_mul_b_v_int=\count331
\l_fp_mul_b_vi_int=\count332
\l_fp_mul_output_int=\count333
\l_fp_output_sign_int=\count334
\l_fp_output_integer_int=\count335
\l_fp_output_decimal_int=\count336
\l_fp_output_exponent_int=\count337
\l_fp_output_extended_int=\count338
\l_fp_round_position_int=\count339
\l_fp_round_target_int=\count340
\l_fp_split_sign_int=\count341
\l_fp_tmp_int=\count342
\l_fp_trig_octant_int=\count343
\l_fp_trig_sign_int=\count344
\l_fp_trig_decimal_int=\count345
\l_fp_trig_extended_int=\count346
\l_fp_tmp_dim=\dimen262
\l_fp_tmp_skip=\skip261
)
(/usr/local/texlive/2010/texmf-dist/tex/latex/expl3/l3luatex.sty
Package: l3luatex 2010/07/18 v1985 L3 Experimental LuaTeX functions
\g_cctab_allocate_int=\count347
\g_cctab_stack_int=\count348
\c_code_cctab=\catcodetable9
)
(/usr/local/texlive/2010/texmf-dist/tex/latex/expl3/l3font.sty
Package: l3font 2011/03/03 v2175 L3 Experimental Font Loading
)
(/usr/local/texlive/2010/texmf-dist/tex/latex/tools/calc.sty
Package: calc 2007/08/22 v4.3 Infix arithmetic (KKT,FJ)
\calc@Acount=\count349
\calc@Bcount=\count350
\calc@Adimen=\dimen263
\calc@Bdimen=\dimen264
\calc@Askip=\skip262
\calc@Bskip=\skip263
LaTeX Info: Redefining \setlength on input line 76.
LaTeX Info: Redefining \addtolength on input line 77.
\calc@Ccount=\count351
\calc@Cskip=\skip264
))
(/usr/local/texlive/2010/texmf-dist/tex/latex/xpackages/xbase/xparse.sty
Package: xparse 2011/01/23 v2136 Generic document command parser
\c_xparse_shorthands_prop=\toks54
\l_xparse_m_args_int=\count352
\l_xparse_mandatory_args_int=\count353
\l_xparse_processor_int=\count354
\l_xparse_total_args_int=\count355
)
(/usr/local/texlive/2010/texmf-dist/tex/latex/xpackages/xtras/l3keys2e.sty
Package: l3keys2e 2010/10/13 v2076 Parsing LaTeX3 keyvals as LaTeX2e package op
tions
)
(/usr/local/texlive/2010/texmf-dist/tex/latex/fontspec/fontspec.sty
Package: fontspec 2011/02/26 v2.1f Advanced font selection for XeLaTeX/LuaLaTeX


(/usr/local/texlive/2010/texmf-dist/tex/generic/kastrup/binhex.tex)
(/usr/local/texlive/2010/texmf-dist/tex/luatex/luaotfload/luaotfload.sty
Package: luaotfload 2011/02/16 v1.24 OpenType layout system

(/usr/local/texlive/2010/texmf-dist/tex/luatex/luatexbase/luatexbase.sty
Package: luatexbase 2010/10/06 v0.3 Module utilities for LuaTeX

(/usr/local/texlive/2010/texmf-dist/tex/luatex/luatexbase/luatexbase-compat.sty
Package: luatexbase-compat 2010/10/10 v0.3 Compatibility tools for LuaTeX
)
(/usr/local/texlive/2010/texmf-dist/tex/luatex/luatexbase/luatexbase-loader.sty
Package: luatexbase-loader 2010/10/10 v0.3 Lua module loader for LuaTeX
(/usr/local/texlive/2010/texmf-dist/tex/luatex/luatexbase/luatexbase.loader.lua
))
(/usr/local/texlive/2010/texmf-dist/tex/luatex/luatexbase/luatexbase-regs.sty
Package: luatexbase-regs 2010/10/10 v0.3 Registers allocation for LuaTeX
)
(/usr/local/texlive/2010/texmf-dist/tex/luatex/luatexbase/luatexbase-attr.sty
Package: luatexbase-attr 2010/10/10 v0.3 Attributes allocation for LuaTeX

(/usr/local/texlive/2010/texmf-dist/tex/luatex/luatexbase/attr.lua))
(/usr/local/texlive/2010/texmf-dist/tex/luatex/luatexbase/luatexbase-cctb.sty
Package: luatexbase-cctb 2010/10/10 v0.3 Catcodetable allocation for LuaTeX

(/usr/local/texlive/2010/texmf-dist/tex/luatex/luatexbase/cctb.lua)
\lltxb@catcodetable@alloc=\count356
\CatcodeTableIniTeX=\luatexcatcodetable1
\CatcodeTableString=\luatexcatcodetable2
\CatcodeTableOther=\luatexcatcodetable3
\CatcodeTableLaTeX=\luatexcatcodetable4
\CatcodeTableLaTeXAtLetter=\luatexcatcodetable5
\CatcodeTableExpl=\luatexcatcodetable6
)
(/usr/local/texlive/2010/texmf-dist/tex/luatex/luatexbase/luatexbase-mcb.sty
Package: luatexbase-mcb 2010/10/10 v0.3 Callback management for LuaTeX

(/usr/local/texlive/2010/texmf-dist/tex/luatex/luatexbase/luatexbase-modutils.s
ty
Package: luatexbase-modutils 2010/10/10 v0.3 Module utilities for LuaTeX

(/usr/local/texlive/2010/texmf-dist/tex/luatex/luatexbase/modutils.lua))
(/usr/local/texlive/2010/texmf-dist/tex/luatex/luatexbase/mcb.lua)
Lua module: luatexbase-mcb 2010/05/12 0.2 register several functions in a callb
ack
))
(/usr/local/texlive/2010/texmf-dist/tex/luatex/lualibs/lualibs.lua)
Lua module: lualibs 2011/01/20 0.96 Lua additional functions.

(/usr/local/texlive/2010/texmf-dist/tex/luatex/lualibs/lualibs-string.lua)
(/usr/local/texlive/2010/texmf-dist/tex/luatex/lualibs/lualibs-lpeg.lua)
(/usr/local/texlive/2010/texmf-dist/tex/luatex/lualibs/lualibs-boolean.lua)
(/usr/local/texlive/2010/texmf-dist/tex/luatex/lualibs/lualibs-number.lua)
(/usr/local/texlive/2010/texmf-dist/tex/luatex/lualibs/lualibs-math.lua)
(/usr/local/texlive/2010/texmf-dist/tex/luatex/lualibs/lualibs-table.lua)
(/usr/local/texlive/2010/texmf-dist/tex/luatex/lualibs/lualibs-aux.lua)
(/usr/local/texlive/2010/texmf-dist/tex/luatex/lualibs/lualibs-io.lua)
(/usr/local/texlive/2010/texmf-dist/tex/luatex/lualibs/lualibs-os.lua)
(/usr/local/texlive/2010/texmf-dist/tex/luatex/lualibs/lualibs-file.lua)
(/usr/local/texlive/2010/texmf-dist/tex/luatex/lualibs/lualibs-md5.lua)
(/usr/local/texlive/2010/texmf-dist/tex/luatex/lualibs/lualibs-dir.lua)
(/usr/local/texlive/2010/texmf-dist/tex/luatex/lualibs/lualibs-unicode.lua)
(/usr/local/texlive/2010/texmf-dist/tex/luatex/lualibs/lualibs-utils.lua)
(/usr/local/texlive/2010/texmf-dist/tex/luatex/lualibs/lualibs-dimen.lua)
(/usr/local/texlive/2010/texmf-dist/tex/luatex/lualibs/lualibs-url.lua)
(/usr/local/texlive/2010/texmf-dist/tex/luatex/lualibs/lualibs-set.lua)
(/usr/local/texlive/2010/texmf-dist/tex/luatex/luaotfload/luaotfload.lua)
Lua module: luaotfload 2011/02/16 1.24 OpenType layout system.
luaotfload: loading file /usr/local/texlive/2010/texmf-dist/tex/luatex/luaotflo
ad/otfl-luat-dum.lua.(using cache: /home/james/.texlive2010/texmf-var/luatex-ca
che/generic)
luaotfload: loading file /usr/local/texlive/2010/texmf-dist/tex/luatex/luaotflo
ad/otfl-luat-ovr.lua.
luaotfload: loading file /usr/local/texlive/2010/texmf-dist/tex/luatex/luaotflo
ad/otfl-data-con.lua.
luaotfload: loading file /usr/local/texlive/2010/texmf-dist/tex/luatex/luaotflo
ad/otfl-font-ini.lua.
luaotfload: loading file /usr/local/texlive/2010/texmf-dist/tex/luatex/luaotflo
ad/otfl-node-dum.lua.
luaotfload: loading file /usr/local/texlive/2010/texmf-dist/tex/luatex/luaotflo
ad/otfl-node-inj.lua.
luaotfload: loading file /usr/local/texlive/2010/texmf-dist/tex/luatex/luaotflo
ad/otfl-font-tfm.lua.
luatexbase.attributes["otfl@state"] = 1
luaotfload: loading file /usr/local/texlive/2010/texmf-dist/tex/luatex/luaotflo
ad/otfl-font-cid.lua.
luaotfload: loading file /usr/local/texlive/2010/texmf-dist/tex/luatex/luaotflo
ad/otfl-font-ott.lua.
luaotfload: loading file /usr/local/texlive/2010/texmf-dist/tex/luatex/luaotflo
ad/otfl-font-map.lua.
luaotfload: loading file /usr/local/texlive/2010/texmf-dist/tex/luatex/luaotflo
ad/otfl-font-otf.lua.
luaotfload: loading file /usr/local/texlive/2010/texmf-dist/tex/luatex/luaotflo
ad/otfl-font-otd.lua.
luaotfload: loading file /usr/local/texlive/2010/texmf-dist/tex/luatex/luaotflo
ad/otfl-font-oti.lua.
luaotfload: loading file /usr/local/texlive/2010/texmf-dist/tex/luatex/luaotflo
ad/otfl-font-otb.lua.
luaotfload: loading file /usr/local/texlive/2010/texmf-dist/tex/luatex/luaotflo
ad/otfl-font-otn.lua.
luatexbase.attributes["otfl@markbase"] = 2
luatexbase.attributes["otfl@markmark"] = 3
luatexbase.attributes["otfl@markdone"] = 4
luatexbase.attributes["otfl@cursbase"] = 5
luatexbase.attributes["otfl@curscurs"] = 6
luatexbase.attributes["otfl@cursdone"] = 7
luatexbase.attributes["otfl@kernpair"] = 8
luaotfload: loading file /usr/local/texlive/2010/texmf-dist/tex/luatex/luaotflo
ad/otfl-font-ota.lua.
luaotfload: loading file /usr/local/texlive/2010/texmf-dist/tex/luatex/luaotflo
ad/otfl-font-otc.lua.
luaotfload: loading file /usr/local/texlive/2010/texmf-dist/tex/luatex/luaotflo
ad/otfl-font-def.lua.
luaotfload: loading file /usr/local/texlive/2010/texmf-dist/tex/luatex/luaotflo
ad/otfl-font-xtx.lua.
luaotfload: loading file /usr/local/texlive/2010/texmf-dist/tex/luatex/luaotflo
ad/otfl-font-dum.lua.
luaotfload: loading file /usr/local/texlive/2010/texmf-dist/tex/luatex/luaotflo
ad/otfl-font-nms.lua.
luaotfload: loading file /usr/local/texlive/2010/texmf-dist/tex/luatex/luaotflo
ad/otfl-font-clr.lua.
Module luatexbase-mcb info: creating 'luaotfload.patch_font' type 4
Module luatexbase-mcb info: inserting 'luaotfload.pre_linebreak_filter'
(luatexbase-mcb)            at position 1 in 'pre_linebreak_filter'
Module luatexbase-mcb info: inserting 'luaotfload.hpack_filter'
(luatexbase-mcb)            at position 1 in 'hpack_filter'
Module luatexbase-mcb info: resetting callback 'define_font'
Module luatexbase-mcb info: inserting 'luaotfload.define_font'
(luatexbase-mcb)            at position 1 in 'define_font'
Module luatexbase-mcb info: inserting 'luaotfload.find_vf_file'
(luatexbase-mcb)            at position 1 in 'find_vf_file'
)
(/usr/local/texlive/2010/texmf-dist/tex/latex/fontspec/fontspec.lua)
Lua module: fontspec 2009/12/04 2 Advanced font selection for LuaLaTeX.
\l_fontspec_script_int=\count357
\l_fontspec_language_int=\count358
\l_fontspec_strnum_int=\count359
Variant \tl_gset:cV already defined; not changing it on line 83

(/usr/local/texlive/2010/texmf-dist/tex/latex/xkeyval/xkeyval.sty
Package: xkeyval 2008/08/13 v2.6a package option processing (HA)

(/usr/local/texlive/2010/texmf-dist/tex/generic/xkeyval/xkeyval.tex
\XKV@toks=\toks55
\XKV@tempa@toks=\toks56
\XKV@depth=\count360
File: xkeyval.tex 2008/08/13 v2.6a key=value parser (HA)
))
(/usr/local/texlive/2010/texmf-dist/tex/latex/fontspec/fontspec-patches.sty
Package: fontspec-patches 2011/02/26 v2.1f Advanced font selection for XeLaTeX/
LuaLaTeX

(/usr/local/texlive/2010/texmf-dist/tex/latex/base/fixltx2e.sty
Package: fixltx2e 2006/09/13 v1.1m fixes to LaTeX
LaTeX Info: Redefining \em on input line 420.
LaTeX Info: The control sequence `\[' is already robust on input line 471.
LaTeX Info: The control sequence `\]' is already robust on input line 472.
)
LaTeX Info: Redefining \em on input line 22.
LaTeX Info: Redefining \emph on input line 29.
LaTeX Info: Redefining \- on input line 32.
)
(/usr/local/texlive/2010/texmf-dist/tex/latex/base/fontenc.sty
Package: fontenc 2005/09/27 v1.99g Standard LaTeX package

(/usr/local/texlive/2010/texmf-dist/tex/latex/euenc/eu2enc.def
File: eu2enc.def 2010/05/27 v0.1h Experimental Unicode font encodings
)
LaTeX Font Info:    Try loading font information for EU2+lmr on input line 100.


(/usr/local/texlive/2010/texmf-dist/tex/latex/euenc/eu2lmr.fd
File: eu2lmr.fd 2009/10/30 v1.6 Font defs for Latin Modern
)
luaotfload | load font: auto-selecting default features for script: dflt (was l
atn)(load: /home/james/.texlive2010/texmf-var/luatex-cache/generic/fonts/otf/te
mp-lmroman10-regular.lua)) (/usr/local/texlive/2010/texmf-dist/tex/xelatex/xuni
code/xunicode.sty
File: xunicode.sty 2010/11/06 v0.96 provides access to latin accents and many o
ther characters in Unicode lower plane
)
 LaTeX info: Defining document command \fontspec
(LaTeX)  with arg. spec. 'O{}m' on line 335.

 LaTeX info: Defining document command \setmainfont
(LaTeX)  with arg. spec. 'O{}m' on line 339.

 LaTeX info: Defining document command \setsansfont
(LaTeX)  with arg. spec. 'O{}m' on line 343.

 LaTeX info: Defining document command \setmonofont
(LaTeX)  with arg. spec. 'O{}m' on line 347.

 LaTeX info: Defining document command \setmathrm
(LaTeX)  with arg. spec. 'O{}m' on line 351.

 LaTeX info: Defining document command \setboldmathrm
(LaTeX)  with arg. spec. 'O{}m' on line 354.

 LaTeX info: Defining document command \setmathsf
(LaTeX)  with arg. spec. 'O{}m' on line 357.

 LaTeX info: Defining document command \setmathtt
(LaTeX)  with arg. spec. 'O{}m' on line 360.

 LaTeX info: Defining document command \newfontfamily
(LaTeX)  with arg. spec. 'mO{}m' on line 377.

 LaTeX info: Defining document command \newfontface
(LaTeX)  with arg. spec. 'mO{}m' on line 380.

 LaTeX info: Defining document command \defaultfontfeatures
(LaTeX)  with arg. spec. 'm' on line 383.

 LaTeX info: Defining document command \addfontfeatures
(LaTeX)  with arg. spec. 'm' on line 400.

 LaTeX info: Defining document command \newfontfeature
(LaTeX)  with arg. spec. 'mm' on line 407.

 LaTeX info: Defining document command \newAATfeature
(LaTeX)  with arg. spec. 'mmmm' on line 416.

 LaTeX info: Defining document command \newICUfeature
(LaTeX)  with arg. spec. 'mmm' on line 425.

 LaTeX info: Defining document command \aliasfontfeature
(LaTeX)  with arg. spec. 'mm' on line 427.

 LaTeX info: Defining document command \aliasfontfeatureoption
(LaTeX)  with arg. spec. 'mmm' on line 430.

 LaTeX info: Defining document command \newfontscript
(LaTeX)  with arg. spec. 'mm' on line 435.

 LaTeX info: Defining document command \newfontlanguage
(LaTeX)  with arg. spec. 'mm' on line 457.

 LaTeX info: Defining document command \DeclareFontsExtensions
(LaTeX)  with arg. spec. 'm' on line 474.

\c@fontspec_tmp_int=\count361
LaTeX Info: Redefining \itshape on input line 2105.
LaTeX Info: Redefining \slshape on input line 2109.
LaTeX Info: Redefining \scshape on input line 2113.
LaTeX Info: Redefining \upshape on input line 2117.

(/usr/local/texlive/2010/texmf-dist/tex/latex/fontspec/fontspec.cfg))
(/usr/local/texlive/2010/texmf-dist/tex/generic/oberdiek/catchfile.sty
Package: catchfile 2010/04/28 v1.5 Catches the contents of a file (HO)

(/usr/local/texlive/2010/texmf-dist/tex/generic/oberdiek/etexcmds.sty
Package: etexcmds 2010/01/28 v1.3 Prefix for e-TeX command names (HO)
))
(/usr/local/texlive/2010/texmf-dist/tex/latex/trimspaces/trimspaces.sty
Package: trimspaces 2009/09/17 v1.1 Trim spaces around a token list
)
(/usr/local/texlive/2010/texmf-dist/tex/latex/base/fix-cm.sty
Package: fix-cm 2006/09/13 v1.1m fixes to LaTeX

(/usr/local/texlive/2010/texmf-dist/tex/latex/base/ts1enc.def
File: ts1enc.def 2001/06/05 v3.0e (jk/car/fm) Standard LaTeX file
LaTeX Font Info:    Redeclaring font encoding TS1 on input line 42.
))
(/usr/local/texlive/2010/texmf-dist/tex/latex/filehook/filehook.sty
Package: filehook 2011/03/09 v0.5a Hooks for input files
)
Variant \tl_put_right:cx already defined; not changing it on line 36
Variant \seq_if_in:NVTF already defined; not changing it on line 37
\g_um_fam_int=\count362
 LaTeX info: Defining document command \unimathsetup
(LaTeX)  with arg. spec. 'm' on line 583.

 LaTeX info: Defining document command \setmathfont
(LaTeX)  with arg. spec. 'O{}m' on line 1022.

 LaTeX info: Defining document command \resetmathfont
(LaTeX)  with arg. spec. 'O{}m' on line 1031.

 LaTeX info: Defining document command \addnolimits
(LaTeX)  with arg. spec. 'm' on line 1148.

 LaTeX info: Defining document command \removenolimits
(LaTeX)  with arg. spec. 'm' on line 1151.


(/usr/local/texlive/2010/texmf-dist/tex/latex/unicode-math/unicode-math-table.t
ex)
\g_um_primekern_muskip=\muskip12
\l_um_primecount_int=\count363
\g_um_supers_prop=\toks57
\g_um_subs_prop=\toks58
 unicode-math info: I'm going to patch macro \subarray.

 unicode-math info: I'm going to patch macro \frac .

 unicode-math info: I'm going to patch macro \@genfrac.

 unicode-math info: I'm going to patch macro \plainroot@.

 unicode-math info: I'm going to patch macro \r@@t.

)
luaotfload | Font names database loaded: /home/james/.texlive2010/texmf-var/lua
tex-cache/generic/names/otfl-names.lua
luaotfload | load font: font family='minionpro', subfamily='regular' found: /ho
me/james/.fonts/MinionPro-Regular.otf(load: /home/james/.texlive2010/texmf-var/
luatex-cache/generic/fonts/otf/temp-minionpro-regular.lua)
luaotfload | load font: font family='minionpro', subfamily='regular' found: /ho
me/james/.fonts/MinionPro-Regular.otf
fontspec: script 'latn' exists in font 'Minion Pro Regular'
fontspec: script 'latn' exists in font 'Minion Pro Regular'
\g_fontspec_family_Minion Pro_int=\count364
 fontspec info: Defining font family 'MinionPro(0)' for font 'Minion Pro' with 
options [Ligatures=TeX,SmallCapsFeatures={Letters=SmallCaps}].

\g_fontspec_MinionPro(0)_prop=\toks59
luaotfload | load font: font family='minionpro', subfamily='regular' found: /ho
me/james/.fonts/MinionPro-Regular.otf
 fontspec info: Defining shape 'normal' with NFSS spec.:
(fontspec)  <->"name:MinionPro:mode=node;script=latn;language=DFLT;+tlig;+trep;
"

fontspec: feature '+smcp' for language 'DFLT' and script 'latn' exists in font 
'Minion Pro Regular'
fontspec: feature '+smcp' for language 'DFLT' and script 'latn' exists in font 
'Minion Pro Regular'
 fontspec info: Defining shape 'small caps' with NFSS spec.:
(fontspec)  <->"name:MinionPro:mode=node;script=latn;language=DFLT;+tlig;+trep;
+smcp;+smcp;"

luaotfload | load font: font family='minionpro', subfamily='regular' found: /ho
me/james/.fonts/MinionPro-Regular.otf
luaotfload | load font: font family='minionpro', subfamily='bold' found: /home/
james/.fonts/MinionPro-Bold.otf(load: /home/james/.texlive2010/texmf-var/luatex
-cache/generic/fonts/otf/temp-minionpro-bold.lua)
luaotfload | load font: font family='minionpro', subfamily='bold' found: /home/
james/.fonts/MinionPro-Bold.otf
 fontspec info: Defining shape 'bold' with NFSS spec.:
(fontspec)  <->"name:MinionPro/B:mode=node;script=latn;language=DFLT;+tlig;+tre
p;"

fontspec: feature '+smcp' for language 'DFLT' and script 'latn' exists in font 
'Minion Pro Bold'
fontspec: feature '+smcp' for language 'DFLT' and script 'latn' exists in font 
'Minion Pro Bold'
 fontspec info: Defining shape 'bold small caps' with NFSS spec.:
(fontspec)  <->"name:MinionPro/B:mode=node;script=latn;language=DFLT;+tlig;+tre
p;+smcp;+smcp;"

luaotfload | load font: font family='minionpro', subfamily='regular' found: /ho
me/james/.fonts/MinionPro-Regular.otf
luaotfload | load font: font family='minionpro', subfamily='italic' found: /hom
e/james/.fonts/MinionPro-It.otf(load: /home/james/.texlive2010/texmf-var/luatex
-cache/generic/fonts/otf/temp-minionpro-it.lua)
luaotfload | load font: font family='minionpro', subfamily='italic' found: /hom
e/james/.fonts/MinionPro-It.otf
 fontspec info: Defining shape 'italic' with NFSS spec.:
(fontspec)  <->"name:MinionPro/I:mode=node;script=latn;language=DFLT;+tlig;+tre
p;"

fontspec: feature '+smcp' for language 'DFLT' and script 'latn' exists in font 
'Minion Pro Italic'
fontspec: feature '+smcp' for language 'DFLT' and script 'latn' exists in font 
'Minion Pro Italic'
 fontspec info: Defining shape 'italic small caps' with NFSS spec.:
(fontspec)  <->"name:MinionPro/I:mode=node;script=latn;language=DFLT;+tlig;+tre
p;+smcp;+smcp;"

luaotfload | load font: font family='minionpro', subfamily='regular' found: /ho
me/james/.fonts/MinionPro-Regular.otf
luaotfload | load font: font family='minionpro', subfamily='bolditalic' found: 
/home/james/.fonts/MinionPro-BoldIt.otf(load: /home/james/.texlive2010/texmf-va
r/luatex-cache/generic/fonts/otf/temp-minionpro-boldit.lua)
luaotfload | load font: font family='minionpro', subfamily='bolditalic' found: 
/home/james/.fonts/MinionPro-BoldIt.otf
 fontspec info: Defining shape 'bold italic' with NFSS spec.:
(fontspec)  <->"name:MinionPro/BI:mode=node;script=latn;language=DFLT;+tlig;+tr
ep;"

fontspec: feature '+smcp' for language 'DFLT' and script 'latn' exists in font 
'Minion Pro Bold Italic'
fontspec: feature '+smcp' for language 'DFLT' and script 'latn' exists in font 
'Minion Pro Bold Italic'
 fontspec info: Defining shape 'bold italic small caps' with NFSS spec.:
(fontspec)  <->"name:MinionPro/BI:mode=node;script=latn;language=DFLT;+tlig;+tr
ep;+smcp;+smcp;"

luaotfload | load font: auto-selecting default features for script: dflt (was l
atn)
luaotfload | load font: font family='minionpro', subfamily='regular' found: /ho
me/james/.fonts/MinionPro-Regular.otf
luaotfload | load font: font family='minionpro', subfamily='regular' found: /ho
me/james/.fonts/MinionPro-Regular.otf
luaotfload | load font: font family='minionpro', subfamily='regular' found: /ho
me/james/.fonts/MinionPro-Regular.otf
fontspec: script 'latn' exists in font 'Minion Pro Regular'
fontspec: script 'latn' exists in font 'Minion Pro Regular'
 fontspec info: Defining font family 'MinionPro(1)' for font 'Minion Pro' with 
options [Ligatures=TeX,].

\g_fontspec_MinionPro(1)_prop=\toks60
luaotfload | load font: font family='minionpro', subfamily='regular' found: /ho
me/james/.fonts/MinionPro-Regular.otf
 fontspec info: Defining shape 'normal' with NFSS spec.:
(fontspec)  <->"name:MinionPro:mode=node;script=latn;language=DFLT;+tlig;+trep;
"

fontspec: feature '+smcp' for language 'DFLT' and script 'latn' exists in font 
'Minion Pro Regular'
 fontspec info: Defining shape 'small caps' with NFSS spec.:
(fontspec)  <->"name:MinionPro:mode=node;script=latn;language=DFLT;+tlig;+trep;
+smcp;"

luaotfload | load font: font family='minionpro', subfamily='regular' found: /ho
me/james/.fonts/MinionPro-Regular.otf
luaotfload | load font: font family='minionpro', subfamily='bold' found: /home/
james/.fonts/MinionPro-Bold.otf
luaotfload | load font: font family='minionpro', subfamily='bold' found: /home/
james/.fonts/MinionPro-Bold.otf
 fontspec info: Defining shape 'bold' with NFSS spec.:
(fontspec)  <->"name:MinionPro/B:mode=node;script=latn;language=DFLT;+tlig;+tre
p;"

fontspec: feature '+smcp' for language 'DFLT' and script 'latn' exists in font 
'Minion Pro Bold'
 fontspec info: Defining shape 'bold small caps' with NFSS spec.:
(fontspec)  <->"name:MinionPro/B:mode=node;script=latn;language=DFLT;+tlig;+tre
p;+smcp;"

luaotfload | load font: font family='minionpro', subfamily='regular' found: /ho
me/james/.fonts/MinionPro-Regular.otf
luaotfload | load font: font family='minionpro', subfamily='italic' found: /hom
e/james/.fonts/MinionPro-It.otf
luaotfload | load font: font family='minionpro', subfamily='italic' found: /hom
e/james/.fonts/MinionPro-It.otf
 fontspec info: Defining shape 'italic' with NFSS spec.:
(fontspec)  <->"name:MinionPro/I:mode=node;script=latn;language=DFLT;+tlig;+tre
p;"

fontspec: feature '+smcp' for language 'DFLT' and script 'latn' exists in font 
'Minion Pro Italic'
 fontspec info: Defining shape 'italic small caps' with NFSS spec.:
(fontspec)  <->"name:MinionPro/I:mode=node;script=latn;language=DFLT;+tlig;+tre
p;+smcp;"

luaotfload | load font: font family='minionpro', subfamily='regular' found: /ho
me/james/.fonts/MinionPro-Regular.otf
luaotfload | load font: font family='minionpro', subfamily='bolditalic' found: 
/home/james/.fonts/MinionPro-BoldIt.otf
luaotfload | load font: font family='minionpro', subfamily='bolditalic' found: 
/home/james/.fonts/MinionPro-BoldIt.otf
 fontspec info: Defining shape 'bold italic' with NFSS spec.:
(fontspec)  <->"name:MinionPro/BI:mode=node;script=latn;language=DFLT;+tlig;+tr
ep;"

fontspec: feature '+smcp' for language 'DFLT' and script 'latn' exists in font 
'Minion Pro Bold Italic'
 fontspec info: Defining shape 'bold italic small caps' with NFSS spec.:
(fontspec)  <->"name:MinionPro/BI:mode=node;script=latn;language=DFLT;+tlig;+tr
ep;+smcp;"

luaotfload | load font: auto-selecting default features for script: dflt (was l
atn)
luaotfload | load font: font family='minionpro', subfamily='regular' found: /ho
me/james/.fonts/MinionPro-Regular.otf
luaotfload | load font: font family='arial', subfamily='regular' found: /usr/sh
are/fonts/truetype/msttcorefonts/Arial.ttf(load: /home/james/.texlive2010/texmf
-var/luatex-cache/generic/fonts/otf/temp-arial.lua)
luaotfload | load font: font family='arial', subfamily='regular' found: /usr/sh
are/fonts/truetype/msttcorefonts/Arial.ttf
fontspec: script 'latn' exists in font 'Arial'
fontspec: script 'latn' exists in font 'Arial'
 fontspec info: Arial scale = 0.8408.

\g_fontspec_family_Arial_int=\count365
 fontspec info: Defining font family 'Arial(0)' for font 'Arial' with options [
Ligatures=TeX,Scale=MatchLowercase].

\g_fontspec_Arial(0)_prop=\toks61
luaotfload | load font: font family='arial', subfamily='regular' found: /usr/sh
are/fonts/truetype/msttcorefonts/Arial.ttf
 fontspec info: Arial scale = 0.8408.

 fontspec info: Defining shape 'normal' with NFSS spec.:
(fontspec)  <->s*[0.8408]"name:Arial:mode=node;script=latn;language=DFLT;+tlig;
+trep;"

luaotfload | load font: font family='arial', subfamily='regular' found: /usr/sh
are/fonts/truetype/msttcorefonts/Arial.ttf
luaotfload | load font: font family='arial', subfamily='bold' found: /usr/share
/fonts/truetype/msttcorefonts/Arial_Bold.ttf(load: /home/james/.texlive2010/tex
mf-var/luatex-cache/generic/fonts/otf/temp-arial-bold.lua)
luaotfload | load font: font family='arial', subfamily='bold' found: /usr/share
/fonts/truetype/msttcorefonts/Arial_Bold.ttf
 fontspec info: Arial/B scale = 0.8408.

 fontspec info: Defining shape 'bold' with NFSS spec.:
(fontspec)  <->s*[0.8408]"name:Arial/B:mode=node;script=latn;language=DFLT;+tli
g;+trep;"

luaotfload | load font: font family='arial', subfamily='regular' found: /usr/sh
are/fonts/truetype/msttcorefonts/Arial.ttf
luaotfload | load font: font family='arial', subfamily='italic' found: /usr/sha
re/fonts/truetype/msttcorefonts/Arial_Italic.ttf(load: /home/james/.texlive2010
/texmf-var/luatex-cache/generic/fonts/otf/temp-arial-italic.lua)
luaotfload | load font: font family='arial', subfamily='italic' found: /usr/sha
re/fonts/truetype/msttcorefonts/Arial_Italic.ttf
 fontspec info: Arial/I scale = 0.8408.

 fontspec info: Defining shape 'italic' with NFSS spec.:
(fontspec)  <->s*[0.8408]"name:Arial/I:mode=node;script=latn;language=DFLT;+tli
g;+trep;"

luaotfload | load font: font family='arial', subfamily='regular' found: /usr/sh
are/fonts/truetype/msttcorefonts/Arial.ttf
luaotfload | load font: font family='arial', subfamily='bolditalic' found: /usr
/share/fonts/truetype/msttcorefonts/Arial_Bold_Italic.ttf(load: /home/james/.te
xlive2010/texmf-var/luatex-cache/generic/fonts/otf/temp-arial-bold-italic.lua)
luaotfload | load font: font family='arial', subfamily='bolditalic' found: /usr
/share/fonts/truetype/msttcorefonts/Arial_Bold_Italic.ttf
 fontspec info: Arial/BI scale = 0.8408.

 fontspec info: Defining shape 'bold italic' with NFSS spec.:
(fontspec)  <->s*[0.8408]"name:Arial/BI:mode=node;script=latn;language=DFLT;+tl
ig;+trep;"

LaTeX Font Info:    Redeclaring math version `normal' on input line 72.
(load: /home/james/.texlive2010/texmf-var/luatex-cache/generic/fonts/otf/temp-a
sana-math.lua)
fontspec: script 'math' exists in font 'Asana Math'
 fontspec info: Asana-Math.otf scale = 0.94373.

\g_fontspec_family_Asana-Math.otf_int=\count366
 fontspec info: Defining font family 'Asana-Math.otf(0)' for font 'Asana-Math.o
tf' with options [Ligatures=TeX,Renderer=Basic,BoldFont={},ItalicFont={},Script
=Math,SizeFeatures={{Size=10-},{Size=7-10,Font=Asana-Math.otf,ScriptStyle},{Siz
e=-7,Font=Asana-Math.otf,ScriptScriptStyle}},Scale={MatchLowercase}].

\g_fontspec_Asana-Math.otf(0)_prop=\toks62
 fontspec info: Asana-Math.otf scale = 0.94373.

 fontspec info: Asana-Math.otf scale = 0.94373.

 fontspec info: Asana-Math.otf scale = 0.94373.

 fontspec info: Defining shape 'normal' with NFSS spec.:
(fontspec)  <10->s*[0.94373]"file:Asana-Math.otf:mode=base;script=math;language
=DFLT;+tlig;+trep;"<7-10>s*[0.94373]"file:Asana-Math.otf:mode=base;script=math;
language=DFLT;+tlig;+trep;+ssty=1;"<-7>s*[0.94373]"file:Asana-Math.otf:mode=bas
e;script=math;language=DFLT;+tlig;+trep;+ssty=2;"

LaTeX Font Info:    Font shape `EU2/Asana-Math.otf(0)/m/n' will be
(Font)              scaled to size 9.43726pt on input line 72.
luaotfload | load font: auto-selecting default features for script: dflt (was m
ath)
luaotfload | load font: auto-selecting default features for script: dflt (was m
ath)
fontspec: script 'math' exists in font 'Asana Math-3'
\symum_allsym=\mathgroup7
fontspec: script 'math' exists in font 'Asana Math'
 fontspec info: Asana-Math.otf scale = 0.94373.

 fontspec info: Defining font family 'Asana-Math.otf(1)' for font 'Asana-Math.o
tf' with options [Ligatures=TeX,Renderer=Basic,BoldFont={},ItalicFont={},Script
=Math,SizeFeatures={{Size=10-},{Size=7-10,Font=Asana-Math.otf,ScriptStyle},{Siz
e=-7,Font=Asana-Math.otf,ScriptScriptStyle}},Scale={MatchLowercase},Scale=1.000
01,FontAdjustment={\fontdimen 8\font =475136sp\relax \fontdimen 9\font =393216s
p\relax \fontdimen 10\font =32768sp\relax \fontdimen 11\font =465305.6sp\relax 
\fontdimen 12\font =327680sp\relax \fontdimen 13\font =236584.96sp\relax \fontd
imen 14\font =236584.96sp\relax \fontdimen 15\font =193986.56sp\relax \fontdime
n 16\font =137625.6sp\relax \fontdimen 17\font =0pt\relax \fontdimen 18\font =1
50732.8sp\relax \fontdimen 19\font =145489.92sp\relax \fontdimen 20\font =0pt\r
elax \fontdimen 21\font =0pt\relax \fontdimen 22\font =177602.56sp\relax }].

\g_fontspec_Asana-Math.otf(1)_prop=\toks63
 fontspec info: Asana-Math.otf scale = 0.94373.

 fontspec info: Asana-Math.otf scale = 0.94373.

 fontspec info: Asana-Math.otf scale = 0.94373.

 fontspec info: Defining shape 'normal' with NFSS spec.:
(fontspec)  <10->s*[1.00001]"file:Asana-Math.otf:mode=base;script=math;language
=DFLT;+tlig;+trep;"<7-10>s*[1.00001]"file:Asana-Math.otf:mode=base;script=math;
language=DFLT;+tlig;+trep;+ssty=1;"<-7>s*[1.00001]"file:Asana-Math.otf:mode=bas
e;script=math;language=DFLT;+tlig;+trep;+ssty=2;"
(fontspec)  and font adjustment code:
(fontspec)  \fontdimen 8\font =475136sp\relax \fontdimen 9\font =393216sp\relax
 \fontdimen 10\font =32768sp\relax \fontdimen 11\font =465305.6sp\relax \fontdi
men 12\font =327680sp\relax \fontdimen 13\font =236584.96sp\relax \fontdimen 14
\font =236584.96sp\relax \fontdimen 15\font =193986.56sp\relax \fontdimen 16\fo
nt =137625.6sp\relax \fontdimen 17\font =0pt\relax \fontdimen 18\font =150732.8
sp\relax \fontdimen 19\font =145489.92sp\relax \fontdimen 20\font =0pt\relax \f
ontdimen 21\font =0pt\relax \fontdimen 22\font =177602.56sp\relax 

LaTeX Font Info:    Redeclaring symbol font `symbols' on input line 72.
LaTeX Font Info:    Encoding `OMS' has changed to `EU2' for symbol font
(Font)              `symbols' in the math version `normal' on input line 72.
LaTeX Font Info:    Overwriting symbol font `symbols' in version `normal'
(Font)                  OMS/cmsy/m/n --> EU2/Asana-Math.otf(1)/m/n on input lin
e 72.
LaTeX Font Info:    Encoding `OMS' has changed to `EU2' for symbol font
(Font)              `symbols' in the math version `bold' on input line 72.
LaTeX Font Info:    Overwriting symbol font `symbols' in version `bold'
(Font)                  OMS/cmsy/b/n --> EU2/Asana-Math.otf(1)/m/n on input lin
e 72.
fontspec: script 'math' exists in font 'Asana Math'
 fontspec info: Asana-Math.otf scale = 0.94373.

 fontspec info: Defining font family 'Asana-Math.otf(2)' for font 'Asana-Math.o
tf' with options [Ligatures=TeX,Renderer=Basic,BoldFont={},ItalicFont={},Script
=Math,SizeFeatures={{Size=10-},{Size=7-10,Font=Asana-Math.otf,ScriptStyle},{Siz
e=-7,Font=Asana-Math.otf,ScriptScriptStyle}},Scale={MatchLowercase},Scale=0.999
99,FontAdjustment={\fontdimen 8\font =38666.24sp\relax \fontdimen 9\font =72744
.96sp\relax \fontdimen 10\font =109445.12sp\relax \fontdimen 11\font =131072sp\
relax \fontdimen 12\font =393216sp\relax \fontdimen 13\font =0pt\relax }].

\g_fontspec_Asana-Math.otf(2)_prop=\toks64
 fontspec info: Asana-Math.otf scale = 0.94373.

 fontspec info: Asana-Math.otf scale = 0.94373.

 fontspec info: Asana-Math.otf scale = 0.94373.

 fontspec info: Defining shape 'normal' with NFSS spec.:
(fontspec)  <10->s*[0.99999]"file:Asana-Math.otf:mode=base;script=math;language
=DFLT;+tlig;+trep;"<7-10>s*[0.99999]"file:Asana-Math.otf:mode=base;script=math;
language=DFLT;+tlig;+trep;+ssty=1;"<-7>s*[0.99999]"file:Asana-Math.otf:mode=bas
e;script=math;language=DFLT;+tlig;+trep;+ssty=2;"
(fontspec)  and font adjustment code:
(fontspec)  \fontdimen 8\font =38666.24sp\relax \fontdimen 9\font =72744.96sp\r
elax \fontdimen 10\font =109445.12sp\relax \fontdimen 11\font =131072sp\relax \
fontdimen 12\font =393216sp\relax \fontdimen 13\font =0pt\relax 

LaTeX Font Info:    Redeclaring symbol font `largesymbols' on input line 72.
LaTeX Font Info:    Encoding `OMX' has changed to `EU2' for symbol font
(Font)              `largesymbols' in the math version `normal' on input line 7
2.
LaTeX Font Info:    Overwriting symbol font `largesymbols' in version `normal'
(Font)                  OMX/cmex/m/n --> EU2/Asana-Math.otf(2)/m/n on input lin
e 72.
LaTeX Font Info:    Encoding `OMX' has changed to `EU2' for symbol font
(Font)              `largesymbols' in the math version `bold' on input line 72.

LaTeX Font Info:    Overwriting symbol font `largesymbols' in version `bold'
(Font)                  OMX/cmex/m/n --> EU2/Asana-Math.otf(2)/m/n on input lin
e 72.
luaotfload | load font: font family='inconsolata', subfamily='regular' found: I
nconsolata.otf(load: /home/james/.texlive2010/texmf-var/luatex-cache/generic/fo
nts/otf/temp-inconsolata.lua)
luaotfload | load otf: loading: /usr/local/texlive/2010/texmf-dist/fonts/openty
pe/public/inconsolata/Inconsolata.otf (hash: inconsolata)
luaotfload | load otf: font loaded okay
luaotfload | load otf: file size: 58464
luaotfload | load otf: enhancing ...
luaotfload | load otf: saving in cache: /usr/local/texlive/2010/texmf-dist/font
s/opentype/public/inconsolata/Inconsolata.otf(save: /home/james/.texlive2010/te
xmf-var/luatex-cache/generic/fonts/otf/temp-inconsolata.lua)
luaotfload | load font: font family='inconsolata', subfamily='regular' found: I
nconsolata.otf
 fontspec info: Font Inconsolata does not contain any OpenType `Script' informa
tion.

 fontspec info: Inconsolata scale = 0.95615.

\g_fontspec_family_Inconsolata_int=\count367
 fontspec info: Defining font family 'Inconsolata(0)' for font 'Inconsolata' wi
th options [Ligatures=TeX,Scale=MatchLowercase].

\g_fontspec_Inconsolata(0)_prop=\toks65
luaotfload | load font: font family='inconsolata', subfamily='regular' found: I
nconsolata.otf
 fontspec info: Inconsolata scale = 0.95615.

 fontspec info: Defining shape 'normal' with NFSS spec.:
(fontspec)  <->s*[0.95615]"name:Inconsolata:mode=node;+tlig;+trep;"

luaotfload | load font: font family='inconsolata', subfamily='regular' found: I
nconsolata.otf
luaotfload | load otf: loading: /usr/share/fonts/truetype/ttf-inconsolata/Incon
solata.otf (hash: inconsolata)
luaotfload | load otf: font loaded okay
luaotfload | load otf: file size: 58464
luaotfload | load otf: enhancing ...
luaotfload | load otf: saving in cache: /usr/share/fonts/truetype/ttf-inconsola
ta/Inconsolata.otf(save: /home/james/.texlive2010/texmf-var/luatex-cache/generi
c/fonts/otf/temp-inconsolata.lua)
 fontspec info: Inconsolata/B scale = 0.95615.

 fontspec info: Defining shape 'bold' with NFSS spec.:
(fontspec)  <->s*[0.95615]"name:Inconsolata/B:mode=node;+tlig;+trep;"

luaotfload | load font: font family='inconsolata', subfamily='regular' found: I
nconsolata.otf
 fontspec info: Inconsolata/I scale = 0.95615.

 fontspec info: Defining shape 'italic' with NFSS spec.:
(fontspec)  <->s*[0.95615]"name:Inconsolata/I:mode=node;+tlig;+trep;"

luaotfload | load font: font family='inconsolata', subfamily='regular' found: I
nconsolata.otf
 fontspec info: Inconsolata/BI scale = 0.95615.

 fontspec info: Defining shape 'bold italic' with NFSS spec.:
(fontspec)  <->s*[0.95615]"name:Inconsolata/BI:mode=node;+tlig;+trep;"


(/usr/local/texlive/2010/texmf-dist/tex/latex/minted/minted.sty
Package: minted 2010/03/16 v1.7 Yet another Pygments shim for LaTeX

(/usr/local/texlive/2010/texmf-dist/tex/latex/fancyvrb/fancyvrb.sty
Package: fancyvrb 2008/02/07

Style option: `fancyvrb' v2.7a, with DG/SPQR fixes, and firstline=lastline fix 
<2008/02/07> (tvz)
\FV@CodeLineNo=\count368
\FV@InFile=\read2
\FV@TabBox=\box257
\c@FancyVerbLine=\count369
\FV@StepNumber=\count370
\FV@OutFile=\write4
)
(/usr/local/texlive/2010/texmf-dist/tex/latex/float/float.sty
Package: float 2001/11/08 v1.3d Float enhancements (AL)
\c@float@type=\count371
\float@exts=\toks66
\float@box=\box258
\@float@everytoks=\toks67
\@floatcapt=\box259
)
(/usr/local/texlive/2010/texmf-dist/tex/latex/ifplatform/ifplatform.sty
Package: ifplatform 2010/10/22 v0.4 Testing for the operating system
runsystem(uname -s > "background.w18")...executed.


(./background.w18)
runsystem(rm -- "background.w18")...executed.

)
\minted@bgbox=\box260
\minted@code=\write5
\@float@every@listing=\toks68
\c@listing=\count372
)
runsystem(which pygmentize && touch background.aex)...executed.

runsystem(rm background.aex)...executed.

runsystem(pygmentize -S tango -f latex > background.pyg)...executed.

 (./background.pyg))
(/usr/local/texlive/2010/texmf-dist/tex/latex/sectsty/sectsty.sty
Package: sectsty 2002/02/25 v2.0.2 Commands to change all sectional heading sty
les


LaTeX Warning: Command \underbar  has changed.
               Check if current package is valid.

)
Package csquotes Info: Checking for multilingual support...
Package csquotes Info: ... none found.
 (./background.aux)
LaTeX Font Info:    Checking defaults for OML/cmm/m/it on input line 8.
LaTeX Font Info:    ... okay on input line 8.
LaTeX Font Info:    Checking defaults for T1/cmr/m/n on input line 8.
LaTeX Font Info:    ... okay on input line 8.
LaTeX Font Info:    Checking defaults for OT1/cmr/m/n on input line 8.
LaTeX Font Info:    ... okay on input line 8.
LaTeX Font Info:    Checking defaults for OMS/cmsy/m/n on input line 8.
LaTeX Font Info:    ... okay on input line 8.
LaTeX Font Info:    Checking defaults for OMX/cmex/m/n on input line 8.
LaTeX Font Info:    ... okay on input line 8.
LaTeX Font Info:    Checking defaults for U/cmr/m/n on input line 8.
LaTeX Font Info:    ... okay on input line 8.
LaTeX Font Info:    Checking defaults for TS1/cmr/m/n on input line 8.
LaTeX Font Info:    ... okay on input line 8.
LaTeX Font Info:    Checking defaults for EU2/lmr/m/n on input line 8.
LaTeX Font Info:    ... okay on input line 8.
\c@lstlisting=\count373

*geometry* driver: auto-detecting
*geometry* detected driver: pdftex
*geometry* verbose mode - [ preamble ] result:
* driver: pdftex
* paper: a4paper
* layout: <same size as paper>
* layoutoffset:(h,v)=(0.0pt,0.0pt)
* modes: 
* h-part:(L,W,R)=(89.62709pt, 418.25368pt, 89.6271pt)
* v-part:(T,H,B)=(101.40665pt, 591.5302pt, 152.11pt)
* \paperwidth=597.50787pt
* \paperheight=845.04684pt
* \textwidth=418.25368pt
* \textheight=591.5302pt
* \oddsidemargin=17.3571pt
* \evensidemargin=17.3571pt
* \topmargin=-7.86334pt
* \headheight=12.0pt
* \headsep=25.0pt
* \topskip=10.0pt
* \footskip=30.0pt
* \marginparwidth=65.0pt
* \marginparsep=11.0pt
* \columnsep=10.0pt
* \skip\footins=9.0pt plus 4.0pt minus 2.0pt
* \hoffset=0.0pt
* \voffset=0.0pt
* \mag=1000
* \@twocolumnfalse
* \@twosidefalse
* \@mparswitchfalse
* \@reversemarginfalse
* (1in=72.27pt=25.4mm, 1cm=28.453pt)

(/usr/local/texlive/2010/texmf-dist/tex/context/base/supp-pdf.mkii
[Loading MPS to PDF converter (version 2006.09.02).]
\scratchcounter=\count374
\scratchdimen=\dimen265
\scratchbox=\box261
\nofMPsegments=\count375
\nofMParguments=\count376
\everyMPshowfont=\toks69
\MPscratchCnt=\count377
\MPscratchDim=\dimen266
\MPnumerator=\count378
\everyMPtoPDFconversion=\toks70
) (/usr/local/texlive/2010/texmf-dist/tex/latex/oberdiek/epstopdf-base.sty
Package: epstopdf-base 2010/02/09 v2.5 Base part for package epstopdf

(/usr/local/texlive/2010/texmf-dist/tex/latex/oberdiek/grfext.sty
Package: grfext 2007/09/30 v1.0 Managing graphics extensions (HO)
)
(/usr/local/texlive/2010/texmf-dist/tex/latex/oberdiek/kvoptions.sty
Package: kvoptions 2010/02/22 v3.7 Keyval support for LaTeX options (HO)

(/usr/local/texlive/2010/texmf-dist/tex/generic/oberdiek/kvsetkeys.sty
Package: kvsetkeys 2010/03/01 v1.9 Key value parser (HO)
))
Package grfext Info: Graphics extension search list:
(grfext)             [.png,.pdf,.jpg,.mps,.jpeg,.jbig2,.jb2,.PNG,.PDF,.JPG,.JPE
G,.JBIG2,.JB2,.eps]
(grfext)             \AppendGraphicsExtensions on input line 436.

(/usr/local/texlive/2010/texmf-dist/tex/latex/latexconfig/epstopdf-sys.cfg
File: epstopdf-sys.cfg 2010/07/13 v1.3 Configuration of (r)epstopdf for TeX Liv
e
))
ABD: EveryShipout initializing macros
luaotfload | load font: auto-selecting default features for script: dflt (was l
atn)
luaotfload | load font: font family='minionpro', subfamily='regular' found: /ho
me/james/.fonts/MinionPro-Subh.otf(load: /home/james/.texlive2010/texmf-var/lua
tex-cache/generic/fonts/otf/temp-minionpro-subh.lua)
luaotfload | load font: auto-selecting default features for script: dflt (was l
atn)
luaotfload | load font: font family='minionpro', subfamily='regular' found: /ho
me/james/.fonts/MinionPro-Regular.otf
LaTeX Font Info:    Font shape `EU2/Asana-Math.otf(1)/m/n' will be
(Font)              scaled to size 12.00018pt on input line 10.
luaotfload | load font: auto-selecting default features for script: dflt (was m
ath)
LaTeX Font Info:    Font shape `EU2/Asana-Math.otf(1)/m/n' will be
(Font)              scaled to size 8.00012pt on input line 10.
luaotfload | load font: auto-selecting default features for script: dflt (was m
ath)
LaTeX Font Info:    Font shape `EU2/Asana-Math.otf(1)/m/n' will be
(Font)              scaled to size 6.00009pt on input line 10.
luaotfload | load font: auto-selecting default features for script: dflt (was m
ath)
LaTeX Font Info:    Font shape `EU2/Asana-Math.otf(2)/m/n' will be
(Font)              scaled to size 11.99982pt on input line 10.
luaotfload | load font: auto-selecting default features for script: dflt (was m
ath)
LaTeX Font Info:    Font shape `EU2/Asana-Math.otf(2)/m/n' will be
(Font)              scaled to size 7.99988pt on input line 10.
luaotfload | load font: auto-selecting default features for script: dflt (was m
ath)
LaTeX Font Info:    Font shape `EU2/Asana-Math.otf(2)/m/n' will be
(Font)              scaled to size 5.99991pt on input line 10.
luaotfload | load font: auto-selecting default features for script: dflt (was m
ath)
LaTeX Font Info:    Try loading font information for U+msa on input line 10.

(/usr/local/texlive/2010/texmf-dist/tex/latex/amsfonts/umsa.fd
File: umsa.fd 2009/06/22 v3.00 AMS symbols A
)
LaTeX Font Info:    Try loading font information for U+msb on input line 10.

(/usr/local/texlive/2010/texmf-dist/tex/latex/amsfonts/umsb.fd
File: umsb.fd 2009/06/22 v3.00 AMS symbols B
)
LaTeX Font Info:    Try loading font information for U+stmry on input line 10.

(/usr/local/texlive/2010/texmf-dist/tex/latex/stmaryrd/Ustmry.fd)
LaTeX Font Info:    Font shape `EU2/Asana-Math.otf(0)/m/n' will be
(Font)              scaled to size 11.3247pt on input line 10.
luaotfload | load font: auto-selecting default features for script: dflt (was m
ath)
LaTeX Font Info:    Font shape `EU2/Asana-Math.otf(0)/m/n' will be
(Font)              scaled to size 7.5498pt on input line 10.
luaotfload | load font: auto-selecting default features for script: dflt (was m
ath)
LaTeX Font Info:    Font shape `EU2/Asana-Math.otf(0)/m/n' will be
(Font)              scaled to size 5.66235pt on input line 10.
luaotfload | load font: auto-selecting default features for script: dflt (was m
ath)
(./abstract.tex
luaotfload | load font: auto-selecting default features for script: dflt (was l
atn)
luaotfload | load font: font family='minionpro', subfamily='regular' found: /ho
me/james/.fonts/MinionPro-Regular.otf
luaotfload | load font: auto-selecting default features for script: dflt (was l
atn)
luaotfload | load font: font family='minionpro', subfamily='bold' found: /home/
james/.fonts/MinionPro-Bold.otf
luaotfload | load font: auto-selecting default features for script: dflt (was l
atn)
luaotfload | load font: font family='minionpro', subfamily='italic' found: /hom
e/james/.fonts/MinionPro-It.otf)
luaotfload | load font: auto-selecting default features for script: dflt (was l
atn)
luaotfload | load font: font family='minionpro', subfamily='regular' found: /ho
me/james/.fonts/MinionPro-Subh.otf
luaotfload | load font: auto-selecting default features for script: dflt (was l
atn)
luaotfload | load font: font family='minionpro', subfamily='bold' found: /home/
james/.fonts/MinionPro-BoldSubh.otf(load: /home/james/.texlive2010/texmf-var/lu
atex-cache/generic/fonts/otf/temp-minionpro-boldsubh.lua) (./background.toc
luaotfload | load font: auto-selecting default features for script: dflt (was l
atn)
luaotfload | load font: font family='minionpro', subfamily='bold' found: /home/
james/.fonts/MinionPro-Bold.otf
LaTeX Font Info:    Font shape `EU2/Asana-Math.otf(1)/m/n' will be
(Font)              scaled to size 10.00015pt on input line 2.
luaotfload | load font: auto-selecting default features for script: dflt (was m
ath)
LaTeX Font Info:    Font shape `EU2/Asana-Math.otf(1)/m/n' will be
(Font)              scaled to size 7.30006pt on input line 2.
luaotfload | load font: auto-selecting default features for script: dflt (was m
ath)
LaTeX Font Info:    Font shape `EU2/Asana-Math.otf(1)/m/n' will be
(Font)              scaled to size 6.00015pt on input line 2.
luaotfload | load font: auto-selecting default features for script: dflt (was m
ath)
LaTeX Font Info:    Font shape `EU2/Asana-Math.otf(2)/m/n' will be
(Font)              scaled to size 9.99985pt on input line 2.
luaotfload | load font: auto-selecting default features for script: dflt (was m
ath)
LaTeX Font Info:    Font shape `EU2/Asana-Math.otf(2)/m/n' will be
(Font)              scaled to size 7.29984pt on input line 2.
luaotfload | load font: auto-selecting default features for script: dflt (was m
ath)
LaTeX Font Info:    Font shape `EU2/Asana-Math.otf(2)/m/n' will be
(Font)              scaled to size 5.99995pt on input line 2.
luaotfload | load font: auto-selecting default features for script: dflt (was m
ath)
LaTeX Font Info:    Font shape `EU2/Asana-Math.otf(0)/m/n' will be
(Font)              scaled to size 6.88914pt on input line 2.
luaotfload | load font: auto-selecting default features for script: dflt (was m
ath)
LaTeX Font Info:    Font shape `EU2/Asana-Math.otf(0)/m/n' will be
(Font)              scaled to size 5.6624pt on input line 2.
luaotfload | load font: auto-selecting default features for script: dflt (was m
ath)
luaotfload | load font: auto-selecting default features for script: dflt (was l
atn)
luaotfload | load font: font family='minionpro', subfamily='regular' found: /ho
me/james/.fonts/MinionPro-Regular.otf [1

{/usr/local/texlive/2010/texmf-var/fonts/map/pdftex/updmap/pdftex.map}])
\tf@toc=\write6

(./sequential/sequential.tex (./sequential/what_is_an_index.tex
luaotfload | load font: auto-selecting default features for script: dflt (was l
atn)
luaotfload | load font: font family='minionpro', subfamily='bold' found: /home/
james/.fonts/MinionPro-Bold.otf
luaotfload | load font: auto-selecting default features for script: dflt (was l
atn)
luaotfload | load font: font family='minionpro', subfamily='regular' found: /ho
me/james/.fonts/MinionPro-Capt.otf(load: /home/james/.texlive2010/texmf-var/lua
tex-cache/generic/fonts/otf/temp-minionpro-capt.lua)
luaotfload | load font: auto-selecting default features for script: dflt (was l
atn)
luaotfload | load font: font family='minionpro', subfamily='italic' found: /hom
e/james/.fonts/MinionPro-It.otf
luaotfload | load font: auto-selecting default features for script: dflt (was l
atn)
luaotfload | load font: font family='minionpro', subfamily='regular' found: /ho
me/james/.fonts/MinionPro-Capt.otf
LaTeX Font Info:    Font shape `EU2/Asana-Math.otf(1)/m/n' will be
(Font)              scaled to size 5.00008pt on input line 26.
luaotfload | load font: auto-selecting default features for script: dflt (was m
ath)
LaTeX Font Info:    Font shape `EU2/Asana-Math.otf(2)/m/n' will be
(Font)              scaled to size 4.99992pt on input line 26.
luaotfload | load font: auto-selecting default features for script: dflt (was m
ath)
LaTeX Font Info:    Font shape `EU2/Asana-Math.otf(0)/m/n' will be
(Font)              scaled to size 4.71863pt on input line 26.
luaotfload | load font: auto-selecting default features for script: dflt (was m
ath)
luaotfload | load font: auto-selecting default features for script: dflt (was l
atn)
luaotfload | load font: font family='minionpro', subfamily='regular' found: /ho
me/james/.fonts/MinionPro-Capt.otf
luaotfload | load font: auto-selecting default features for script: dflt (was l
atn)
luaotfload | load font: font family='minionpro', subfamily='italic' found: /hom
e/james/.fonts/MinionPro-ItCapt.otf(load: /home/james/.texlive2010/texmf-var/lu
atex-cache/generic/fonts/otf/temp-minionpro-itcapt.lua) (./sequential/what_is_a
n_index/the_index_api.tex
luaotfload | load font: auto-selecting default features for script: dflt (was l
atn)
luaotfload | load font: font family='minionpro', subfamily='bold' found: /home/
james/.fonts/MinionPro-Bold.otf
runsystem(pygmentize -l c++ -f latex -F tokenmerge             -P "verboptions=
 " -o background.out.pyg background.pyg)...executed.


(./background.out.pyg
LaTeX Font Info:    Font shape `EU2/Inconsolata(0)/m/n' will be
(Font)              scaled to size 9.56146pt on input line 1.
luaotfload | load font: font family='inconsolata', subfamily='regular' found: I
nconsolata.otf
luaotfload | load otf: loading: /usr/local/texlive/2010/texmf-dist/fonts/openty
pe/public/inconsolata/Inconsolata.otf (hash: inconsolata)
luaotfload | load otf: font loaded okay
luaotfload | load otf: file size: 58464
luaotfload | load otf: enhancing ...
luaotfload | load otf: saving in cache: /usr/local/texlive/2010/texmf-dist/font
s/opentype/public/inconsolata/Inconsolata.otf(save: /home/james/.texlive2010/te
xmf-var/luatex-cache/generic/fonts/otf/temp-inconsolata.lua)
LaTeX Font Info:    Font shape `EU2/Inconsolata(0)/bx/n' will be
(Font)              scaled to size 9.56146pt on input line 2.
luaotfload | load otf: loading: /usr/share/fonts/truetype/ttf-inconsolata/Incon
solata.otf (hash: inconsolata)
luaotfload | load otf: font loaded okay
luaotfload | load otf: file size: 58464
luaotfload | load otf: enhancing ...
luaotfload | load otf: saving in cache: /usr/share/fonts/truetype/ttf-inconsola
ta/Inconsolata.otf(save: /home/james/.texlive2010/texmf-var/luatex-cache/generi
c/fonts/otf/temp-inconsolata.lua) [2])
runsystem(rm background.out.pyg)...executed.

runsystem(rm background.pyg)...executed.

LaTeX Font Info:    Font shape `EU2/Inconsolata(0)/m/n' will be
(Font)              scaled to size 7.64917pt on input line 68.
luaotfload | load font: font family='inconsolata', subfamily='regular' found: I
nconsolata.otf
Overfull \hbox (12.41579pt too wide) in paragraph at lines 88--91
[][]\EU2/MinionPro(1)/m/n/10 Sub-se-quent calls to \EU2/Inconsolata(0)/m/n/10 i
.read(key) \EU2/MinionPro(1)/m/n/10 will re-turn \EU2/Inconsolata(0)/m/n/10 nul
l \EU2/MinionPro(1)/m/n/10 (un-til sub-se-quent calls to \EU2/Inconsolata(0)/m/
n/10 i->insert(k,
 []

) (./sequential/what_is_an_index/formalizing_behavior_a_set_adt.tex
luaotfload | load font: font family='inconsolata', subfamily='regular' found: I
nconsolata.otf
luaotfload | load font: auto-selecting default features for script: dflt (was l
atn)
luaotfload | load font: font family='minionpro', subfamily='regular' found: /ho
me/james/.fonts/MinionPro-Capt.otf
luaotfload | load font: font family='inconsolata', subfamily='regular' found: I
nconsolata.otf [3]
Underfull \hbox (badness 10000) in alignment at lines 69--95
[][][]
 []

) (./sequential/what_is_an_index/formalizing_index_behavior.tex
luaotfload | load font: auto-selecting default features for script: dflt (was l
atn)
luaotfload | load font: font family='minionpro', subfamily='bolditalic' found: 
/home/james/.fonts/MinionPro-BoldIt.otf
luaotfload | load font: auto-selecting default features for script: dflt (was l
atn)
luaotfload | load font: font family='minionpro', subfamily='bold' found: /home/
james/.fonts/MinionPro-BoldCapt.otf(load: /home/james/.texlive2010/texmf-var/lu
atex-cache/generic/fonts/otf/temp-minionpro-boldcapt.lua)
luaotfload | load font: auto-selecting default features for script: dflt (was l
atn)
luaotfload | load font: font family='minionpro', subfamily='bolditalic' found: 
/home/james/.fonts/MinionPro-BoldItCapt.otf(load: /home/james/.texlive2010/texm
f-var/luatex-cache/generic/fonts/otf/temp-minionpro-bolditcapt.lua)
luaotfload | load font: auto-selecting default features for script: dflt (was l
atn)
luaotfload | load font: font family='minionpro', subfamily='bold' found: /home/
james/.fonts/MinionPro-BoldCapt.otf
luaotfload | load font: auto-selecting default features for script: dflt (was l
atn)
luaotfload | load font: font family='minionpro', subfamily='bolditalic' found: 
/home/james/.fonts/MinionPro-BoldItCapt.otf
Underfull \hbox (badness 10000) in alignment at lines 36--68
[][][]
 []

)) (./sequential/index_algorithms.tex [4] [5]
luaotfload | load font: auto-selecting default features for script: dflt (was l
atn)
luaotfload | load font: font family='minionpro', subfamily='regular' found: /ho
me/james/.fonts/MinionPro-Capt.otf [6]
luaotfload | load font: auto-selecting default features for script: dflt (was m
ath)
luaotfload | load font: auto-selecting default features for script: dflt (was m
ath)
luaotfload | load font: auto-selecting default features for script: dflt (was m
ath)
luaotfload | load font: auto-selecting default features for script: dflt (was m
ath)
luaotfload | load font: auto-selecting default features for script: dflt (was m
ath)
luaotfload | load font: auto-selecting default features for script: dflt (was m
ath)
luaotfload | load font: auto-selecting default features for script: dflt (was m
ath)
luaotfload | load font: auto-selecting default features for script: dflt (was m
ath)
luaotfload | load font: auto-selecting default features for script: dflt (was m
ath)
luaotfload | load font: auto-selecting default features for script: dflt (was m
ath)
luaotfload | load font: auto-selecting default features for script: dflt (was m
ath)
luaotfload | load font: auto-selecting default features for script: dflt (was m
ath) [7]
Overfull \hbox (6.95502pt too wide) in paragraph at lines 298--306
\EU2/MinionPro(1)/m/n/10 Black tree in-stead uses be-tween one and three 1-node
s. The first 1-node, which I shall call the   representative-
 []

[8]
runsystem(pygmentize -l c++ -f latex -F tokenmerge             -P "verboptions=
 " -o background.out.pyg background.pyg)...executed.

 (./background.out.pyg)
runsystem(rm background.out.pyg)...executed.

runsystem(rm background.pyg)...executed.

) (./sequential/indexes_in_the_wild.tex [9])
(./sequential/some_predicate_definitions.tex
runsystem(pygmentize -l c++ -f latex -F tokenmerge             -P "verboptions=
 " -o background.out.pyg background.pyg)...executed.

 (./background.out.pyg)
runsystem(rm background.out.pyg)...executed.

runsystem(rm background.pyg)...executed.

 [10]
Overfull \hbox (53.62878pt too wide) in paragraph at lines 110--117
[][]\EU2/MinionPro(1)/m/n/10 We now want to de-fine the Red-Black tree re-cur-s
ively. We can then de-scribe a node pointer. $[]\EU2/Asana-Math.otf(0)/m/n/10 (
, , , )$
 []

[11]) (./sequential/some_simple_verifications.tex
runsystem(pygmentize -l c++ -f latex -F tokenmerge      -P mathescape       -P 
"verboptions= " -o background.out.pyg sequential/search.cc)...executed.

 (./background.out.pyg
LaTeX Font Info:    Font shape `EU2/Inconsolata(0)/m/it' will be
(Font)              scaled to size 9.56146pt on input line 3.
LaTeX Font Info:    Font shape `EU2/Inconsolata(0)/m/it' will be
(Font)              scaled to size 6.97981pt on input line 3.
LaTeX Font Info:    Font shape `EU2/Inconsolata(0)/m/it' will be
(Font)              scaled to size 5.73692pt on input line 3.
LaTeX Font Info:    Font shape `EU2/Inconsolata(0)/bx/it' will be
(Font)              scaled to size 9.56146pt on input line 4.

[12])
runsystem(rm background.out.pyg)...executed.

)) (./concurrent/concurrent.tex
(./concurrent/what_is_a_concurrent_index.tex
Underfull \hbox (badness 10000) in alignment at lines 37--74
[][][]
 []

) (./concurrent/concurrent_index_algorithms.tex [13] [14])
(./concurrent/concurrent_indexes_in_the_wild.tex)
(./concurrent/some_predicate_definitions.tex)) (./roadmap.tex [15])
(./background.bbl
Underfull \hbox (badness 10000) in paragraph at lines 4--9
[][]\EU2/MinionPro(1)/m/n/10 An-drea Ar-can-geli, David Wood-house, and The Lin
ux Ker-nel au-thors.  lib/rb-tree.c.
 []


Underfull \hbox (badness 10000) in paragraph at lines 4--9
\EU2/Inconsolata(0)/m/n/10 http : / / git . kernel . org / ?p = linux / kernel 
/ git / next / linux-[]next . git ; a = blob _ plain ; f =
 []


Underfull \hbox (badness 1783) in paragraph at lines 11--15
[][]\EU2/MinionPro(1)/m/n/10 The CPython au-thors.  dic-to-b-ject.c.  $\EU2/Inc
onsolata(0)/m/n/10 http : / / hg . python . org / cpython / file / fafc84b45a9e
 /
 []


Underfull \hbox (badness 2617) in paragraph at lines 44--49
[][]\EU2/MinionPro(1)/m/n/10 Inc. Free Soft-ware Foun-da-tion.  stl_tree.h.  $\
EU2/Inconsolata(0)/m/n/10 http : / / gcc . gnu . org / onlinedocs / libstdc + +
 /
 []

[16]
Underfull \hbox (badness 2359) in paragraph at lines 91--95
[][]\EU2/MinionPro(1)/m/n/10 Juli-enne S. Walker.  Red black trees (tu-to-rial)
.  $\EU2/Inconsolata(0)/m/n/10 http : / / eternallyconfuzzled . com / tuts /
 []

) [17] (./background.aux)

LaTeX Font Warning: Size substitutions with differences
(Font)              up to 1.99997pt have occurred.

 )

Here is how much of LuaTeX's memory you used:
 32359 strings out of 257158
 100000,794899 words of node,token memory allocated
 642 words of node memory still in use:
   6 hlist, 2 vlist, 2 rule, 2 glue, 1 kern, 5 attribute, 47 glue_spec, 5 attri
bute_list, 1 write nodes
   avail lists: 1:55,2:13118,3:385,4:1434,5:2251,6:3555,7:48,8:17,9:823,10:852,
11:402,12:175
 34647 multiletter control sequences out of 65536+200000
 141 fonts using 27498651 bytes
 60i,14n,75p,854b,318s stack positions out of 5000i,500n,6000p,200000b,50000s
</home/james/.fonts/MinionPro-BoldIt.otf></usr/local/texlive/2010/texmf-dist/fo
nts/opentype/public/Asana-Math/Asana-Math.otf></usr/local/texlive/2010/texmf-di
st/fonts/opentype/public/Asana-Math/Asana-Math.otf></home/james/.fonts/MinionPr
o-ItCapt.otf></usr/local/texlive/2010/texmf-dist/fonts/opentype/public/inconsol
ata/Inconsolata.otf></usr/share/fonts/truetype/ttf-inconsolata/Inconsolata.otf>
</home/james/.fonts/MinionPro-Capt.otf></home/james/.fonts/MinionPro-BoldSubh.o
tf></home/james/.fonts/MinionPro-It.otf></home/james/.fonts/MinionPro-Bold.otf>
</home/james/.fonts/MinionPro-Regular.otf></home/james/.fonts/MinionPro-Subh.ot
f>
Output written on background.pdf (17 pages, 150957 bytes).
PDF statistics: 134 PDF objects out of 1000 (max. 8388607)
 90 compressed objects within 1 object stream
 0 named destinations out of 1000 (max. 131072)
 16 words of extra memory for PDF output out of 10000 (max. 10000000)

